 line   address	contents
    1                      ; Linked by DLX-LD.
    2                      ; MemSize 45056
    3                      ; Data size: 20832
    4                      ; Text size: 5508
    5                      ; Stack size: 8192
    6  00000000          	.text 0x1000
    7  00001000          	.data 0x3000
    8                      ; Compiled by GCC
    9  00003000          	.text
   10  00001000          	.align 2
   11  00001000          	.proc _isspace
   12  00001000          	.global _isspace
   13  00001000          	_isspace:
   14                      ;  Function 'isspace'; 0 bytes of locals, 1 regs to save.
   15  00001000  afbefffc	sw	-4(r29),r30; push fp
   16  00001004  001df020	add	r30,r0,r29; fp = sp
   17  00001008  afbffff8	sw	-8(r29),r31; push ret addr
   18  0000100c  2fbd0010	subui	r29,r29,#16; alloc local storage
   19  00001010  afa20000	sw	0(r29),r2
   20  00001014  83c20003	lb	r2,3(r30)
   21  00001018  201f0000	addi	r31,r0,#0
   22  0000101c  304100ff	andi	r1,r2,#0x00ff
   23  00001020  60210020	seqi	r1,r1,#32
   24  00001024  14200018	bnez	r1,L6_LF0
   25  00001028  54000000	nop; not filled.
   26  0000102c  2041fff7	addi	r1,r2,#-9
   27  00001030  302100ff	andi	r1,r1,#0x00ff
   28  00001034  70210001	sleui	r1,r1,#1
   29  00001038  10200008	beqz	r1,L5_LF0
   30  0000103c  54000000	nop; not filled.
   31  00001040          	L6_LF0:
   32  00001040  201f0001	addi	r31,r0,#1
   33  00001044          	L5_LF0:
   34  00001044  001f0820	add	r1,r0,r31
   35  00001048  8fa20000	lw	r2,0(r29)
   36  0000104c  8fdffff8	lw	r31,-8(r30)
   37  00001050  001ee820	add	r29,r0,r30
   38  00001054  8fdefffc	lw	r30,-4(r30)
   39  00001058  4be00000	jr	r31
   40  0000105c  54000000	nop
   41  00001060          	.endproc _isspace
   42  00001060          	.align 2
   43  00001060          	.proc _isxdigit
   44  00001060          	.global _isxdigit
   45  00001060          	_isxdigit:
   46                      ;  Function 'isxdigit'; 0 bytes of locals, 1 regs to save.
   47  00001060  afbefffc	sw	-4(r29),r30; push fp
   48  00001064  001df020	add	r30,r0,r29; fp = sp
   49  00001068  afbffff8	sw	-8(r29),r31; push ret addr
   50  0000106c  2fbd0010	subui	r29,r29,#16; alloc local storage
   51  00001070  afa20000	sw	0(r29),r2
   52  00001074  83df0003	lb	r31,3(r30)
   53  00001078  20020000	addi	r2,r0,#0
   54  0000107c  23e1ffd0	addi	r1,r31,#-48
   55  00001080  302100ff	andi	r1,r1,#0x00ff
   56  00001084  70210009	sleui	r1,r1,#9
   57  00001088  14200028	bnez	r1,L12_LF0
   58  0000108c  54000000	nop; not filled.
   59  00001090  23e1ff9f	addi	r1,r31,#-97
   60  00001094  302100ff	andi	r1,r1,#0x00ff
   61  00001098  70210005	sleui	r1,r1,#5
   62  0000109c  14200014	bnez	r1,L12_LF0
   63  000010a0  54000000	nop; not filled.
   64  000010a4  33e100ff	andi	r1,r31,#0x00ff
   65  000010a8  64210041	snei	r1,r1,#65
   66  000010ac  14200008	bnez	r1,L11_LF0
   67  000010b0  54000000	nop; not filled.
   68  000010b4          	L12_LF0:
   69  000010b4  20020001	addi	r2,r0,#1
   70  000010b8          	L11_LF0:
   71  000010b8  00020820	add	r1,r0,r2
   72  000010bc  8fa20000	lw	r2,0(r29)
   73  000010c0  8fdffff8	lw	r31,-8(r30)
   74  000010c4  001ee820	add	r29,r0,r30
   75  000010c8  8fdefffc	lw	r30,-4(r30)
   76  000010cc  4be00000	jr	r31
   77  000010d0  54000000	nop
   78  000010d4          	.endproc _isxdigit
   79  000010d4          	.global _diskblocksize
   80  000010d4          	.data
   81  00003000          	.align 2
   82  00003000          	_diskblocksize:
   83  00003000  00000000	.word 0
   84  00003004          	.global _disksize
   85  00003004          	.align 2
   86  00003004          	_disksize:
   87  00003004  00000000	.word 0
   88  00003008          	.global _num_filesystem_blocks
   89  00003008          	.align 2
   90  00003008          	_num_filesystem_blocks:
   91  00003008  00000000	.word 0
   92  0000300c          	.align 2
   93  0000300c          	LC0_LF0:
   94  0000300c  0a0a3d3d	.ascii "\n\n======FDISK START======\n\n\000"
   94  00003010  3d3d3d3d	
   94  00003014  46444953	
   94  00003018  4b205354	
   94  0000301c  4152543d	
   94  00003020  3d3d3d3d	
   94  00003024  3d0a0a00	
   95  00003028          	.align 2
   96  00003028          	LC1_LF0:
   97  00003028  4552524f	.ascii "ERROR: No Input\n\n\000"
   97  0000302c  523a204e	
   97  00003030  6f20496e	
   97  00003034  7075740a	
   97  00003038  0a00    	
   98  0000303a          	.align 2
   99  0000303c          	LC2_LF0:
  100  0000303c  4572726f	.ascii "Error: DFS Inode is not 96 bytes!\n\000"
  100  00003040  723a2044	
  100  00003044  46532049	
  100  00003048  6e6f6465	
  100  0000304c  20697320	
  100  00003050  6e6f7420	
  100  00003054  39362062	
  100  00003058  79746573	
  100  0000305c  210a00  	
  101  0000305f          	.align 2
  102  00003060          	LC3_LF0:
  103  00003060  53756363	.ascii "Success: DFS Inode is 96 bytes!\n\000"
  103  00003064  6573733a	
  103  00003068  20444653	
  103  0000306c  20496e6f	
  103  00003070  64652069	
  103  00003074  73203936	
  103  00003078  20627974	
  103  0000307c  6573210a	
  103  00003080  00      	
  104  00003081          	.align 2
  105  00003084          	LC4_LF0:
  106  00003084  54686520	.ascii "The size of the dfs_inode is %d\n\000"
  106  00003088  73697a65	
  106  0000308c  206f6620	
  106  00003090  74686520	
  106  00003094  6466735f	
  106  00003098  696e6f64	
  106  0000309c  65206973	
  106  000030a0  2025640a	
  106  000030a4  00      	
  107  000030a5          	.align 2
  108  000030a8          	LC5_LF0:
  109  000030a8  4572726f	.ascii "Error: Disk does not exist!\n\000"
  109  000030ac  723a2044	
  109  000030b0  69736b20	
  109  000030b4  646f6573	
  109  000030b8  206e6f74	
  109  000030bc  20657869	
  109  000030c0  7374210a	
  109  000030c4  00      	
  110  000030c5          	.align 2
  111  000030c8          	LC6_LF0:
  112  000030c8  52756e6e	.ascii "Running writing into the super block\n\000"
  112  000030cc  696e6720	
  112  000030d0  77726974	
  112  000030d4  696e6720	
  112  000030d8  696e746f	
  112  000030dc  20746865	
  112  000030e0  20737570	
  112  000030e4  65722062	
  112  000030e8  6c6f636b	
  112  000030ec  0a00    	
  113  000030ee          	.align 2
  114  000030f0          	LC7_LF0:
  115  000030f0  66646973	.ascii "fdisk (%d): Formatted DFS disk for %d bytes.\n\000"
  115  000030f4  6b202825	
  115  000030f8  64293a20	
  115  000030fc  466f726d	
  115  00003100  61747465	
  115  00003104  64204446	
  115  00003108  53206469	
  115  0000310c  736b2066	
  115  00003110  6f722025	
  115  00003114  64206279	
  115  00003118  7465732e	
  115  0000311c  0a00    	
  116  0000311e          	.text
  117  000010d4          	.align 2
  118  000010d4          	.proc _main
  119  000010d4          	.global _main
  120  000010d4          	_main:
  121                      ;  Function 'main'; 1024 bytes of locals, 0 regs to save.
  122  000010d4  afbefffc	sw	-4(r29),r30; push fp
  123  000010d8  001df020	add	r30,r0,r29; fp = sp
  124  000010dc  afbffff8	sw	-8(r29),r31; push ret addr
  125  000010e0  2fbd0408	subui	r29,r29,#1032; alloc local storage
  126  000010e4  8fc20000	lw	r2,(r30)
  127  000010e8  0c001490	jal	___main
  128  000010ec  54000000	nop; not filled.
  129  000010f0  23bdfff8	addi	r29,r29,#-8
  130  000010f4  3c090000	lhi	r9,((LC0_LF0)>>16)&0xffff
  131  000010f8  2529300c	addui	r9,r9,(LC0_LF0)&0xffff
  132  000010fc  afa90000	sw	(r29),r9
  133  00001100  0c000538	jal	_Printf
  134  00001104  54000000	nop; not filled.
  135  00001108  23bd0008	addi	r29,r29,#8
  136  0000110c  64410001	snei	r1,r2,#1
  137  00001110  10200028	beqz	r1,L14_LF0
  138  00001114  54000000	nop; not filled.
  139  00001118  23bdfff8	addi	r29,r29,#-8
  140  0000111c  3c090000	lhi	r9,((LC1_LF0)>>16)&0xffff
  141  00001120  25293028	addui	r9,r9,(LC1_LF0)&0xffff
  142  00001124  afa90000	sw	(r29),r9
  143  00001128  0c000510	jal	_Printf
  144  0000112c  54000000	nop; not filled.
  145  00001130  0c0006a0	jal	_Exit
  146  00001134  54000000	nop; not filled.
  147  00001138  23bd0008	addi	r29,r29,#8
  148  0000113c          	L14_LF0:
  149  0000113c  0c000634	jal	_dfs_invalidate
  150  00001140  54000000	nop; not filled.
  151  00001144  23bdfff8	addi	r29,r29,#-8
  152  00001148  3c090000	lhi	r9,((LC3_LF0)>>16)&0xffff
  153  0000114c  25293060	addui	r9,r9,(LC3_LF0)&0xffff
  154  00001150  afa90000	sw	(r29),r9
  155  00001154  0c0004e4	jal	_Printf
  156  00001158  54000000	nop; not filled.
  157  0000115c  23bd0008	addi	r29,r29,#8
  158  00001160  23bdfff8	addi	r29,r29,#-8
  159  00001164  3c090000	lhi	r9,((LC4_LF0)>>16)&0xffff
  160  00001168  25293084	addui	r9,r9,(LC4_LF0)&0xffff
  161  0000116c  afa90000	sw	(r29),r9
  162  00001170  20090060	addi	r9,r0,#96
  163  00001174  afa90004	sw	4(r29),r9
  164  00001178  0c0004c0	jal	_Printf
  165  0000117c  54000000	nop; not filled.
  166  00001180  0c0005cc	jal	_disk_size
  167  00001184  54000000	nop; not filled.
  168  00001188  3c020000	lhi	r2,((_disksize)>>16)&0xffff
  169  0000118c  24423004	addui	r2,r2,(_disksize)&0xffff
  170  00001190  ac410000	sw	(r2),r1
  171  00001194  0c0005c4	jal	_disk_blocksize
  172  00001198  54000000	nop; not filled.
  173  0000119c  3c020000	lhi	r2,((_diskblocksize)>>16)&0xffff
  174  000011a0  24423000	addui	r2,r2,(_diskblocksize)&0xffff
  175  000011a4  ac410000	sw	(r2),r1
  176  000011a8  3c010000	lhi	r1,((_num_filesystem_blocks)>>16)&0xffff
  177  000011ac  24213008	addui	r1,r1,(_num_filesystem_blocks)&0xffff
  178  000011b0  20094000	addi	r9,r0,#16384
  179  000011b4  ac290000	sw	(r1),r9
  180  000011b8  3c020000	lhi	r2,((_sb)>>16)&0xffff
  181  000011bc  24423144	addui	r2,r2,(_sb)&0xffff
  182  000011c0  20090400	addi	r9,r0,#1024
  183  000011c4  ac490004	sw	4(r2),r9
  184  000011c8  20094000	addi	r9,r0,#16384
  185  000011cc  ac490008	sw	8(r2),r9
  186  000011d0  20090001	addi	r9,r0,#1
  187  000011d4  ac49000c	sw	12(r2),r9
  188  000011d8  200900c0	addi	r9,r0,#192
  189  000011dc  ac490010	sw	16(r2),r9
  190  000011e0  20090013	addi	r9,r0,#19
  191  000011e4  ac490014	sw	20(r2),r9
  192  000011e8  20090015	addi	r9,r0,#21
  193  000011ec  ac490018	sw	24(r2),r9
  194  000011f0  0c000574	jal	_disk_create
  195  000011f4  54000000	nop; not filled.
  196  000011f8  23bd0008	addi	r29,r29,#8
  197  000011fc  6021ffff	seqi	r1,r1,#-1
  198  00001200  10200028	beqz	r1,L17_LF0
  199  00001204  54000000	nop; not filled.
  200  00001208  23bdfff8	addi	r29,r29,#-8
  201  0000120c  3c090000	lhi	r9,((LC5_LF0)>>16)&0xffff
  202  00001210  252930a8	addui	r9,r9,(LC5_LF0)&0xffff
  203  00001214  afa90000	sw	(r29),r9
  204  00001218  0c000420	jal	_Printf
  205  0000121c  54000000	nop; not filled.
  206  00001220  0c0005b0	jal	_Exit
  207  00001224  54000000	nop; not filled.
  208  00001228  23bd0008	addi	r29,r29,#8
  209  0000122c          	L17_LF0:
  210  0000122c  20040000	addi	r4,r0,#0
  211  00001230  20420010	addi	r2,r2,#16
  212  00001234  8c410000	lw	r1,(r2)
  213  00001238  0081082a	sltu	r1,r4,r1
  214  0000123c  10200064	beqz	r1,L43_LF0
  215  00001240  54000000	nop; not filled.
  216  00001244  00022820	add	r5,r0,r2
  217  00001248  3c1f0000	lhi	r31,((_inodes)>>16)&0xffff
  218  0000124c  27ff3160	addui	r31,r31,(_inodes)&0xffff
  219  00001250          	L21_LF0:
  220  00001250  20090000	addi	r9,r0,#0
  221  00001254  afe90000	sw	(r31),r9
  222  00001258  afe90004	sw	4(r31),r9
  223  0000125c  20090000	addi	r9,r0,(#0x0)&0xff
  224  00001260  a3e90008	sb	8(r31),r9
  225  00001264  001f1020	add	r2,r0,r31
  226  00001268  23e30024	addi	r3,r31,#36
  227  0000126c          	L25_LF0:
  228  0000126c  20090000	addi	r9,r0,#0
  229  00001270  ac490034	sw	52(r2),r9
  230  00001274  20420004	addi	r2,r2,#4
  231  00001278  0043082c	sle	r1,r2,r3
  232  0000127c  1420ffec	bnez	r1,L25_LF0
  233  00001280  54000000	nop; not filled.
  234  00001284  afe9005c	sw	92(r31),r9
  235  00001288  23ff0060	addi	r31,r31,#96
  236  0000128c  20840001	addi	r4,r4,#1
  237  00001290  8ca10000	lw	r1,(r5)
  238  00001294  0081082a	sltu	r1,r4,r1
  239  00001298  1420ffb4	bnez	r1,L21_LF0
  240  0000129c  54000000	nop; not filled.
  241  000012a0  20040000	addi	r4,r0,#0
  242  000012a4          	L43_LF0:
  243  000012a4  3c030000	lhi	r3,((_sb+8)>>16)&0xffff
  244  000012a8  2463314c	addui	r3,r3,(_sb+8)&0xffff
  245  000012ac  8c610000	lw	r1,(r3)
  246  000012b0  58210005	srli	r1,r1,#0x5
  247  000012b4  0081082a	sltu	r1,r4,r1
  248  000012b8  10200030	beqz	r1,L29_LF0
  249  000012bc  54000000	nop; not filled.
  250  000012c0  3c020000	lhi	r2,((_fbv)>>16)&0xffff
  251  000012c4  24427960	addui	r2,r2,(_fbv)&0xffff
  252  000012c8          	L31_LF0:
  253  000012c8  20090000	addi	r9,r0,#0
  254  000012cc  ac490000	sw	(r2),r9
  255  000012d0  20420004	addi	r2,r2,#4
  256  000012d4  20840001	addi	r4,r4,#1
  257  000012d8  8c610000	lw	r1,(r3)
  258  000012dc  58210005	srli	r1,r1,#0x5
  259  000012e0  0081082a	sltu	r1,r4,r1
  260  000012e4  1420ffe0	bnez	r1,L31_LF0
  261  000012e8  54000000	nop; not filled.
  262  000012ec          	L29_LF0:
  263  000012ec  3c010000	lhi	r1,((_fbv)>>16)&0xffff
  264  000012f0  24217960	addui	r1,r1,(_fbv)&0xffff
  265  000012f4  2009f800	addi	r9,r0,#-2048
  266  000012f8  ac290000	sw	(r1),r9
  267  000012fc  00011820	add	r3,r0,r1
  268  00001300  3c010000	lhi	r1,((_sb+20)>>16)&0xffff
  269  00001304  24213158	addui	r1,r1,(_sb+20)&0xffff
  270  00001308  8c240000	lw	r4,(r1)
  271  0000130c  20250004	addi	r5,r1,#4
  272  00001310  8ca10000	lw	r1,(r5)
  273  00001314  0081082a	sltu	r1,r4,r1
  274  00001318  102000a4	beqz	r1,L34_LF0
  275  0000131c  54000000	nop; not filled.
  276  00001320  23c2fbf8	addi	r2,r30,#-1032
  277  00001324  3c070000	lhi	r7,((_diskblocksize)>>16)&0xffff
  278  00001328  24e73000	addui	r7,r7,(_diskblocksize)&0xffff
  279  0000132c  00054020	add	r8,r0,r5
  280  00001330  50810001	slli	r1,r4,#0x1
  281  00001334  20260001	addi	r6,r1,#1
  282  00001338  50850001	slli	r5,r4,#0x1
  283  0000133c          	L36_LF0:
  284  0000133c  23bdfff0	addi	r29,r29,#-16
  285  00001340  afa30000	sw	(r29),r3
  286  00001344  afa20004	sw	4(r29),r2
  287  00001348  8ce90000	lw	r9,(r7)
  288  0000134c  afa90008	sw	8(r29),r9
  289  00001350  0c001088	jal	_bcopy
  290  00001354  54000000	nop; not filled.
  291  00001358  afa50000	sw	(r29),r5
  292  0000135c  afa20004	sw	4(r29),r2
  293  00001360  0c000210	jal	_FdiskWriteBlock
  294  00001364  54000000	nop; not filled.
  295  00001368  8ce10000	lw	r1,(r7)
  296  0000136c  00611820	add	r3,r3,r1
  297  00001370  afa30000	sw	(r29),r3
  298  00001374  afa20004	sw	4(r29),r2
  299  00001378  8ce90000	lw	r9,(r7)
  300  0000137c  afa90008	sw	8(r29),r9
  301  00001380  0c001058	jal	_bcopy
  302  00001384  54000000	nop; not filled.
  303  00001388  afa60000	sw	(r29),r6
  304  0000138c  afa20004	sw	4(r29),r2
  305  00001390  0c0001e0	jal	_FdiskWriteBlock
  306  00001394  54000000	nop; not filled.
  307  00001398  8ce10000	lw	r1,(r7)
  308  0000139c  00611820	add	r3,r3,r1
  309  000013a0  23bd0010	addi	r29,r29,#16
  310  000013a4  20c60002	addi	r6,r6,#2
  311  000013a8  20a50002	addi	r5,r5,#2
  312  000013ac  20840001	addi	r4,r4,#1
  313  000013b0  8d010000	lw	r1,(r8)
  314  000013b4  0081082a	sltu	r1,r4,r1
  315  000013b8  1420ff80	bnez	r1,L36_LF0
  316  000013bc  54000000	nop; not filled.
  317  000013c0          	L34_LF0:
  318  000013c0  3c060000	lhi	r6,((_sb)>>16)&0xffff
  319  000013c4  24c63144	addui	r6,r6,(_sb)&0xffff
  320  000013c8  20090001	addi	r9,r0,#1
  321  000013cc  acc90000	sw	(r6),r9
  322  000013d0  23bdfff8	addi	r29,r29,#-8
  323  000013d4  23c5fbf8	addi	r5,r30,#-1032
  324  000013d8  afa50000	sw	(r29),r5
  325  000013dc  20090400	addi	r9,r0,#1024
  326  000013e0  afa90004	sw	4(r29),r9
  327  000013e4  0c001074	jal	_bzero
  328  000013e8  54000000	nop; not filled.
  329  000013ec  23bdfff8	addi	r29,r29,#-8
  330  000013f0  afa60000	sw	(r29),r6
  331  000013f4  afa50004	sw	4(r29),r5
  332  000013f8  2009001c	addi	r9,r0,#28
  333  000013fc  afa90008	sw	8(r29),r9
  334  00001400  0c000fd8	jal	_bcopy
  335  00001404  54000000	nop; not filled.
  336  00001408  3c090000	lhi	r9,((LC6_LF0)>>16)&0xffff
  337  0000140c  252930c8	addui	r9,r9,(LC6_LF0)&0xffff
  338  00001410  afa90000	sw	(r29),r9
  339  00001414  0c000224	jal	_Printf
  340  00001418  54000000	nop; not filled.
  341  0000141c  20090001	addi	r9,r0,#1
  342  00001420  afa90000	sw	(r29),r9
  343  00001424  afa50004	sw	4(r29),r5
  344  00001428  0c000148	jal	_FdiskWriteBlock
  345  0000142c  54000000	nop; not filled.
  346  00001430  3c030000	lhi	r3,((_inodes)>>16)&0xffff
  347  00001434  24633160	addui	r3,r3,(_inodes)&0xffff
  348  00001438  20040000	addi	r4,r0,#0
  349  0000143c  23bd0010	addi	r29,r29,#16
  350  00001440  8cc20010	lw	r2,16(r6)
  351  00001444  50410001	slli	r1,r2,#0x1
  352  00001448  00220820	add	r1,r1,r2
  353  0000144c  50220005	slli	r2,r1,#0x5
  354  00001450  8cc10004	lw	r1,4(r6)
  355  00001454  00400035	movi2fp	f0,r2
  356  00001458  00200835	movi2fp	f1,r1
  357  0000145c  04010017	divu	f0,f0,f1
  358  00001460  00000834	movfp2i	r1,f0
  359  00001464  0081082a	sltu	r1,r4,r1
  360  00001468  102000c8	beqz	r1,L39_LF0
  361  0000146c  54000000	nop; not filled.
  362  00001470  3c070000	lhi	r7,((_diskblocksize)>>16)&0xffff
  363  00001474  24e73000	addui	r7,r7,(_diskblocksize)&0xffff
  364  00001478  20c6000c	addi	r6,r6,#12
  365  0000147c          	L41_LF0:
  366  0000147c  23bdfff0	addi	r29,r29,#-16
  367  00001480  afa30000	sw	(r29),r3
  368  00001484  afa50004	sw	4(r29),r5
  369  00001488  8ce90000	lw	r9,(r7)
  370  0000148c  afa90008	sw	8(r29),r9
  371  00001490  0c000f48	jal	_bcopy
  372  00001494  54000000	nop; not filled.
  373  00001498  8cc10000	lw	r1,(r6)
  374  0000149c  00240820	add	r1,r1,r4
  375  000014a0  50210001	slli	r1,r1,#0x1
  376  000014a4  afa10000	sw	(r29),r1
  377  000014a8  afa50004	sw	4(r29),r5
  378  000014ac  0c0000c4	jal	_FdiskWriteBlock
  379  000014b0  54000000	nop; not filled.
  380  000014b4  8ce10000	lw	r1,(r7)
  381  000014b8  00611820	add	r3,r3,r1
  382  000014bc  afa30000	sw	(r29),r3
  383  000014c0  afa50004	sw	4(r29),r5
  384  000014c4  8ce90000	lw	r9,(r7)
  385  000014c8  afa90008	sw	8(r29),r9
  386  000014cc  0c000f0c	jal	_bcopy
  387  000014d0  54000000	nop; not filled.
  388  000014d4  8cc10000	lw	r1,(r6)
  389  000014d8  00240820	add	r1,r1,r4
  390  000014dc  50210001	slli	r1,r1,#0x1
  391  000014e0  20210001	addi	r1,r1,#1
  392  000014e4  afa10000	sw	(r29),r1
  393  000014e8  afa50004	sw	4(r29),r5
  394  000014ec  0c000084	jal	_FdiskWriteBlock
  395  000014f0  54000000	nop; not filled.
  396  000014f4  8ce10000	lw	r1,(r7)
  397  000014f8  00611820	add	r3,r3,r1
  398  000014fc  23bd0010	addi	r29,r29,#16
  399  00001500  20840001	addi	r4,r4,#1
  400  00001504  8cc20004	lw	r2,4(r6)
  401  00001508  50410001	slli	r1,r2,#0x1
  402  0000150c  00220820	add	r1,r1,r2
  403  00001510  50220005	slli	r2,r1,#0x5
  404  00001514  8cc1fff8	lw	r1,-8(r6)
  405  00001518  00400035	movi2fp	f0,r2
  406  0000151c  00200835	movi2fp	f1,r1
  407  00001520  04010017	divu	f0,f0,f1
  408  00001524  00000834	movfp2i	r1,f0
  409  00001528  0081082a	sltu	r1,r4,r1
  410  0000152c  1420ff4c	bnez	r1,L41_LF0
  411  00001530  54000000	nop; not filled.
  412  00001534          	L39_LF0:
  413  00001534  0c000110	jal	_getpid
  414  00001538  54000000	nop; not filled.
  415  0000153c  23bdfff0	addi	r29,r29,#-16
  416  00001540  3c090000	lhi	r9,((LC7_LF0)>>16)&0xffff
  417  00001544  252930f0	addui	r9,r9,(LC7_LF0)&0xffff
  418  00001548  afa90000	sw	(r29),r9
  419  0000154c  afa10004	sw	4(r29),r1
  420  00001550  3c010000	lhi	r1,((_disksize)>>16)&0xffff
  421  00001554  24213004	addui	r1,r1,(_disksize)&0xffff
  422  00001558  8c210000	lw	r1,(r1)
  423  0000155c  afa10008	sw	8(r29),r1
  424  00001560  0c0000d8	jal	_Printf
  425  00001564  54000000	nop; not filled.
  426  00001568  23bd0010	addi	r29,r29,#16
  427  0000156c  0c001000	jal	_exit
  428  00001570  54000000	nop
  429  00001574          	.endproc _main
  430  00001574          	.data
  431  0000311e          	.align 2
  432  00003120          	LC8_LF0:
  433  00003120  4661696c	.ascii "Failed to write block onto disk\n\000"
  433  00003124  65642074	
  433  00003128  6f207772	
  433  0000312c  69746520	
  433  00003130  626c6f63	
  433  00003134  6b206f6e	
  433  00003138  746f2064	
  433  0000313c  69736b0a	
  433  00003140  00      	
  434  00003141          	.text
  435  00001574          	.align 2
  436  00001574          	.proc _FdiskWriteBlock
  437  00001574          	.global _FdiskWriteBlock
  438  00001574          	_FdiskWriteBlock:
  439                      ;  Function 'FdiskWriteBlock'; 0 bytes of locals, 1 regs to save.
  440  00001574  afbefffc	sw	-4(r29),r30; push fp
  441  00001578  001df020	add	r30,r0,r29; fp = sp
  442  0000157c  afbffff8	sw	-8(r29),r31; push ret addr
  443  00001580  2fbd0010	subui	r29,r29,#16; alloc local storage
  444  00001584  afa20000	sw	0(r29),r2
  445  00001588  8fc10004	lw	r1,4(r30)
  446  0000158c  23bdfff8	addi	r29,r29,#-8
  447  00001590  8fc20000	lw	r2,(r30)
  448  00001594  afa20000	sw	(r29),r2
  449  00001598  afa10004	sw	4(r29),r1
  450  0000159c  0c0001a4	jal	_disk_write_block
  451  000015a0  54000000	nop; not filled.
  452  000015a4  23bd0008	addi	r29,r29,#8
  453  000015a8  6021ffff	seqi	r1,r1,#-1
  454  000015ac  10200028	beqz	r1,L47_LF0
  455  000015b0  54000000	nop; not filled.
  456  000015b4  23bdfff8	addi	r29,r29,#-8
  457  000015b8  3c020000	lhi	r2,((LC8_LF0)>>16)&0xffff
  458  000015bc  24423120	addui	r2,r2,(LC8_LF0)&0xffff
  459  000015c0  afa20000	sw	(r29),r2
  460  000015c4  0c000074	jal	_Printf
  461  000015c8  54000000	nop; not filled.
  462  000015cc  0c000204	jal	_Exit
  463  000015d0  54000000	nop; not filled.
  464  000015d4  23bd0008	addi	r29,r29,#8
  465  000015d8          	L47_LF0:
  466  000015d8  20010001	addi	r1,r0,#1
  467  000015dc  8fa20000	lw	r2,0(r29)
  468  000015e0  8fdffff8	lw	r31,-8(r30)
  469  000015e4  001ee820	add	r29,r0,r30
  470  000015e8  8fdefffc	lw	r30,-4(r30)
  471  000015ec  4be00000	jr	r31
  472  000015f0  54000000	nop
  473  000015f4          	.endproc _FdiskWriteBlock
  474  000015f4          	.data
  475  00003141          	.align 2
  476  00003144          	.global _sb
  477  00003144          	_sb:
  478  00003144          	.space 28
  479  00003160          	.align 2
  480  00003160          	.global _inodes
  481  00003160          	_inodes:
  482  00003160          	.space 18432
  483  00007960          	.align 2
  484  00007960          	.global _fbv
  485  00007960          	_fbv:
  486  00007960          	.space 2048
  487                      ;;;
  488                      ;;; Stub functions for DLX traps.
  489                      ;;;
  490                      ;;; Ethan L. Miller, 1999.  Released to the public domain.
  491                      ;;;
  492                      ;;; The traps such as Open and Close
  493                      ;;; (note the capital letters) are for use by user programs.  The traps
  494                      ;;; with names such as open and close (lower case) are for use by the OS.
  495                      ;;;
  497  00008160          	.text
  498  000015f4          	.align 2
  500                      ;;; The following are the traps to be used by user-level programs
  501                      ;;;
  503  000015f4          	.align 2
  504  000015f4          	.proc _Open
  505  000015f4          	.global _Open
  506  000015f4          	_Open:
  507                      ;;; Note that trap #0x213 actually causes a trap vector in the OS of
  508                      ;;; 0x1213.  The same is true for other user traps.  Thus, a user trap
  509                      ;;; with trap #0x240 will result in a trap vector of 0x1240 in the OS.
  510  000015f4  44000213	trap	#0x213
  511  000015f8  4be00000	jr	r31
  512  000015fc  54000000	nop
  513  00001600          	.endproc _Open
  515  00001600          	.proc _Close
  516  00001600          	.global _Close
  517  00001600          	_Close:
  518  00001600  44000214	trap	#0x214
  519  00001604  4be00000	jr	r31
  520  00001608  54000000	nop
  521  0000160c          	.endproc _Close
  523  0000160c          	.proc _Read
  524  0000160c          	.global _Read
  525  0000160c          	_Read:
  526  0000160c  44000210	trap	#0x210
  527  00001610  4be00000	jr	r31
  528  00001614  54000000	nop
  529  00001618          	.endproc _Read
  531  00001618          	.proc _Write
  532  00001618          	.global _Write
  533  00001618          	_Write:
  534  00001618  44000211	trap	#0x211
  535  0000161c  4be00000	jr	r31
  536  00001620  54000000	nop
  537  00001624          	.endproc _Write
  539  00001624          	.proc _Lseek
  540  00001624          	.global _Lseek
  541  00001624          	_Lseek:
  542  00001624  44000212	trap	#0x212
  543  00001628  4be00000	jr	r31
  544  0000162c  54000000	nop
  545  00001630          	.endproc _Lseek
  547  00001630          	.proc _Putchar
  548  00001630          	.global _Putchar
  549  00001630          	_Putchar:
  550  00001630  44000280	trap	#0x280
  551  00001634  4be00000	jr	r31
  552  00001638  54000000	nop
  553  0000163c          	.endproc _Putchar
  555  0000163c          	.proc _Printf
  556  0000163c          	.global _Printf
  557  0000163c          	_Printf:
  558  0000163c  44000201	trap	#0x201
  559  00001640  4be00000	jr	r31
  560  00001644  54000000	nop
  561  00001648          	.endproc _Printf
  563  00001648          	.proc _getpid
  564  00001648          	.global _getpid
  565  00001648          	_getpid:
  566  00001648  44000431	trap	#0x431
  567  0000164c  4be00000	jr	r31
  568  00001650  54000000	nop
  569  00001654          	.endproc _getpid
  571  00001654          	.proc _process_create
  572  00001654          	.global _process_create
  573  00001654          	_process_create:
  574  00001654  44000432	trap	#0x432
  575  00001658  4be00000	jr	r31
  576  0000165c  54000000	nop
  577  00001660          	.endproc _process_create
  579  00001660          	.proc _shmget
  580  00001660          	.global _shmget
  581  00001660          	_shmget:
  582  00001660  44000440	trap	#0x440
  583  00001664  4be00000	jr	r31
  584  00001668  54000000	nop
  585  0000166c          	.endproc _shmget
  587  0000166c          	.proc _shmat
  588  0000166c          	.global _shmat
  589  0000166c          	_shmat:
  590  0000166c  44000441	trap	#0x441
  591  00001670  4be00000	jr	r31
  592  00001674  54000000	nop
  593  00001678          	.endproc _shmat
  595  00001678          	.proc _sem_create
  596  00001678          	.global _sem_create
  597  00001678          	_sem_create:
  598  00001678  44000450	trap	#0x450
  599  0000167c  4be00000	jr	r31
  600  00001680  54000000	nop
  601  00001684          	.endproc _sem_create
  603  00001684          	.proc _sem_wait
  604  00001684          	.global _sem_wait
  605  00001684          	_sem_wait:
  606  00001684  44000451	trap	#0x451
  607  00001688  4be00000	jr	r31
  608  0000168c  54000000	nop
  609  00001690          	.endproc _sem_wait
  611  00001690          	.proc _sem_signal
  612  00001690          	.global _sem_signal
  613  00001690          	_sem_signal:
  614  00001690  44000452	trap	#0x452
  615  00001694  4be00000	jr	r31
  616  00001698  54000000	nop
  617  0000169c          	.endproc _sem_signal
  619  0000169c          	.proc _lock_create
  620  0000169c          	.global _lock_create
  621  0000169c          	_lock_create:
  622  0000169c  44000453	trap	#0x453
  623  000016a0  4be00000	jr	r31
  624  000016a4  54000000	nop
  625  000016a8          	.endproc _lock_create
  627  000016a8          	.proc _lock_acquire
  628  000016a8          	.global _lock_acquire
  629  000016a8          	_lock_acquire:
  630  000016a8  44000454	trap	#0x454
  631  000016ac  4be00000	jr	r31
  632  000016b0  54000000	nop
  633  000016b4          	.endproc _lock_acquire
  635  000016b4          	.proc _lock_release
  636  000016b4          	.global _lock_release
  637  000016b4          	_lock_release:
  638  000016b4  44000455	trap	#0x455
  639  000016b8  4be00000	jr	r31
  640  000016bc  54000000	nop
  641  000016c0          	.endproc _lock_release
  643  000016c0          	.proc _cond_create
  644  000016c0          	.global _cond_create
  645  000016c0          	_cond_create:
  646  000016c0  44000456	trap	#0x456
  647  000016c4  4be00000	jr	r31
  648  000016c8  54000000	nop
  649  000016cc          	.endproc _cond_create
  651  000016cc          	.proc _cond_wait
  652  000016cc          	.global _cond_wait
  653  000016cc          	_cond_wait:
  654  000016cc  44000457	trap	#0x457
  655  000016d0  4be00000	jr	r31
  656  000016d4  54000000	nop
  657  000016d8          	.endproc _cond_wait
  659  000016d8          	.proc _cond_signal
  660  000016d8          	.global _cond_signal
  661  000016d8          	_cond_signal:
  662  000016d8  44000458	trap	#0x458
  663  000016dc  4be00000	jr	r31
  664  000016e0  54000000	nop
  665  000016e4          	.endproc _cond_signal
  667  000016e4          	.proc _cond_broadcast
  668  000016e4          	.global _cond_broadcast
  669  000016e4          	_cond_broadcast:
  670  000016e4  44000459	trap	#0x459
  671  000016e8  4be00000	jr	r31
  672  000016ec  54000000	nop
  673  000016f0          	.endproc _cond_broadcast
  675  000016f0          	.proc _mbox_create
  676  000016f0          	.global _mbox_create
  677  000016f0          	_mbox_create:
  678  000016f0  44000460	trap	#0x460
  679  000016f4  4be00000	jr	r31
  680  000016f8  54000000	nop
  681  000016fc          	.endproc _mbox_create
  683  000016fc          	.proc _mbox_open
  684  000016fc          	.global _mbox_open
  685  000016fc          	_mbox_open:
  686  000016fc  44000461	trap	#0x461
  687  00001700  4be00000	jr	r31
  688  00001704  54000000	nop
  689  00001708          	.endproc _mbox_open
  691  00001708          	.proc _mbox_close
  692  00001708          	.global _mbox_close
  693  00001708          	_mbox_close:
  694  00001708  44000462	trap	#0x462
  695  0000170c  4be00000	jr	r31
  696  00001710  54000000	nop
  697  00001714          	.endproc _mbox_close
  699  00001714          	.proc _mbox_send
  700  00001714          	.global _mbox_send
  701  00001714          	_mbox_send:
  702  00001714  44000463	trap	#0x463
  703  00001718  4be00000	jr	r31
  704  0000171c  54000000	nop
  705  00001720          	.endproc _mbox_send
  707  00001720          	.proc _mbox_recv
  708  00001720          	.global _mbox_recv
  709  00001720          	_mbox_recv:
  710  00001720  44000464	trap	#0x464
  711  00001724  4be00000	jr	r31
  712  00001728  54000000	nop
  713  0000172c          	.endproc _mbox_recv
  715  0000172c          	.proc _sleep
  716  0000172c          	.global _sleep
  717  0000172c          	_sleep:
  718  0000172c  44000465	trap	#0x465
  719  00001730  4be00000	jr	r31
  720  00001734  54000000	nop
  721  00001738          	.endproc _sleep
  723  00001738          	.proc _yield
  724  00001738          	.global _yield
  725  00001738          	_yield:
  726  00001738  44000466	trap	#0x466
  727  0000173c  4be00000	jr	r31
  728  00001740  54000000	nop
  729  00001744          	.endproc _yield
  731  00001744          	.proc _disk_write_block
  732  00001744          	.global _disk_write_block
  733  00001744          	_disk_write_block:
  734  00001744  44000467	trap	#0x467
  735  00001748  4be00000	jr	r31
  736  0000174c  54000000	nop
  737  00001750          	.endproc _disk_write_block
  739  00001750          	.proc _disk_size
  740  00001750          	.global _disk_size
  741  00001750          	_disk_size:
  742  00001750  44000468	trap	#0x468
  743  00001754  4be00000	jr	r31
  744  00001758  54000000	nop
  745  0000175c          	.endproc _disk_size
  747  0000175c          	.proc _disk_blocksize
  748  0000175c          	.global _disk_blocksize
  749  0000175c          	_disk_blocksize:
  750  0000175c  44000469	trap	#0x469
  751  00001760  4be00000	jr	r31
  752  00001764  54000000	nop
  753  00001768          	.endproc _disk_blocksize
  755  00001768          	.proc _disk_create
  756  00001768          	.global _disk_create
  757  00001768          	_disk_create:
  758  00001768  44000470	trap	#0x470
  759  0000176c  4be00000	jr	r31
  760  00001770  54000000	nop
  761  00001774          	.endproc _disk_create
  763  00001774          	.proc _dfs_invalidate
  764  00001774          	.global _dfs_invalidate
  765  00001774          	_dfs_invalidate:
  766  00001774  44000471	trap	#0x471
  767  00001778  4be00000	jr	r31
  768  0000177c  54000000	nop
  769  00001780          	.endproc _dfs_invalidate
  771  00001780          	.proc _file_open
  772  00001780          	.global _file_open
  773  00001780          	_file_open:
  774  00001780  44000472	trap	#0x472
  775  00001784  4be00000	jr	r31
  776  00001788  54000000	nop
  777  0000178c          	.endproc _file_open
  779  0000178c          	.proc _file_close
  780  0000178c          	.global _file_close
  781  0000178c          	_file_close:
  782  0000178c  44000473	trap	#0x473
  783  00001790  4be00000	jr	r31
  784  00001794  54000000	nop
  785  00001798          	.endproc _file_close
  787  00001798          	.proc _file_delete
  788  00001798          	.global _file_delete
  789  00001798          	_file_delete:
  790  00001798  44000474	trap	#0x474
  791  0000179c  4be00000	jr	r31
  792  000017a0  54000000	nop
  793  000017a4          	.endproc _file_delete
  795  000017a4          	.proc _file_read
  796  000017a4          	.global _file_read
  797  000017a4          	_file_read:
  798  000017a4  44000475	trap	#0x475
  799  000017a8  4be00000	jr	r31
  800  000017ac  54000000	nop
  801  000017b0          	.endproc _file_read
  803  000017b0          	.proc _file_write
  804  000017b0          	.global _file_write
  805  000017b0          	_file_write:
  806  000017b0  44000476	trap	#0x476
  807  000017b4  4be00000	jr	r31
  808  000017b8  54000000	nop
  809  000017bc          	.endproc _file_write
  811  000017bc          	.proc _file_seek
  812  000017bc          	.global _file_seek
  813  000017bc          	_file_seek:
  814  000017bc  44000477	trap	#0x477
  815  000017c0  4be00000	jr	r31
  816  000017c4  54000000	nop
  817  000017c8          	.endproc _file_seek
  819  000017c8          	.proc _run_os_tests
  820  000017c8          	.global _run_os_tests
  821  000017c8          	_run_os_tests:
  822  000017c8  440004ff	trap	#0x4FF
  823  000017cc  4be00000	jr	r31
  824  000017d0  54000000	nop
  825  000017d4          	.endproc _run_os_tests
  828  000017d4          	.proc _Exit
  829  000017d4          	.global _Exit
  830  000017d4          	_Exit:
  831  000017d4  44000500	trap	#0x500
  832  000017d8  4be00000	jr	r31
  833  000017dc  54000000	nop
  834  000017e0          	.endproc _Exit
  835                      ; Compiled by GCC
  837  000017e0          	.align 2
  838  000017e0          	.proc _isspace
  839  000017e0          	.global _isspace
  840  000017e0          	_isspace:
  841                      ;  Function 'isspace'; 0 bytes of locals, 3 regs to save.
  842  000017e0  afbefffc	sw	-4(r29),r30; push fp
  843  000017e4  001df020	add	r30,r0,r29; fp = sp
  844  000017e8  afbffff8	sw	-8(r29),r31; push ret addr
  845  000017ec  2fbd0018	subui	r29,r29,#24; alloc local storage
  846  000017f0  afa20000	sw	0(r29),r2
  847  000017f4  afa30004	sw	4(r29),r3
  848  000017f8  afa40008	sw	8(r29),r4
  849  000017fc  83c20003	lb	r2,3(r30)
  850  00001800  20010000	addi	r1,r0,#0
  851  00001804  304300ff	andi	r3,r2,#0x00ff
  852  00001808  60640020	seqi	r4,r3,#32
  853  0000180c  1480002c	bnez	r4,L3_LF2
  854  00001810  54000000	nop; delay slot nop
  855  00001814  304300ff	andi	r3,r2,#0x00ff
  856  00001818  60640009	seqi	r4,r3,#9
  857  0000181c  1480001c	bnez	r4,L3_LF2
  858  00001820  54000000	nop; delay slot nop
  859  00001824  304300ff	andi	r3,r2,#0x00ff
  860  00001828  6064000a	seqi	r4,r3,#10
  861  0000182c  1480000c	bnez	r4,L3_LF2
  862  00001830  54000000	nop; delay slot nop
  863  00001834  08000008	j	L2_LF2
  864  00001838  54000000	nop; delay slot nop
  865  0000183c          	L3_LF2:
  866  0000183c  20010001	addi	r1,r0,#1
  867  00001840          	L2_LF2:
  868  00001840  08000004	j	L1_LF2
  869  00001844  54000000	nop; delay slot nop
  870  00001848          	L1_LF2:
  871  00001848  8fa20000	lw	r2,0(r29)
  872  0000184c  8fa30004	lw	r3,4(r29)
  873  00001850  8fa40008	lw	r4,8(r29)
  874  00001854  8fdffff8	lw	r31,-8(r30)
  875  00001858  001ee820	add	r29,r0,r30
  876  0000185c  8fdefffc	lw	r30,-4(r30)
  877  00001860  4be00000	jr	r31
  878  00001864  54000000	nop
  879  00001868          	.endproc _isspace
  880  00001868          	.align 2
  881  00001868          	.proc _isxdigit
  882  00001868          	.global _isxdigit
  883  00001868          	_isxdigit:
  884                      ;  Function 'isxdigit'; 0 bytes of locals, 3 regs to save.
  885  00001868  afbefffc	sw	-4(r29),r30; push fp
  886  0000186c  001df020	add	r30,r0,r29; fp = sp
  887  00001870  afbffff8	sw	-8(r29),r31; push ret addr
  888  00001874  2fbd0018	subui	r29,r29,#24; alloc local storage
  889  00001878  afa20000	sw	0(r29),r2
  890  0000187c  afa30004	sw	4(r29),r3
  891  00001880  afa40008	sw	8(r29),r4
  892  00001884  83c20003	lb	r2,3(r30)
  893  00001888  20010000	addi	r1,r0,#0
  894  0000188c  304300ff	andi	r3,r2,#0x00ff
  895  00001890  6c64002f	sgtui	r4,r3,#47
  896  00001894  1080001c	beqz	r4,L7_LF2
  897  00001898  54000000	nop; delay slot nop
  898  0000189c  304300ff	andi	r3,r2,#0x00ff
  899  000018a0  70640039	sleui	r4,r3,#57
  900  000018a4  1480005c	bnez	r4,L6_LF2
  901  000018a8  54000000	nop; delay slot nop
  902  000018ac  08000004	j	L7_LF2
  903  000018b0  54000000	nop; delay slot nop
  904  000018b4          	L7_LF2:
  905  000018b4  304300ff	andi	r3,r2,#0x00ff
  906  000018b8  6c640060	sgtui	r4,r3,#96
  907  000018bc  1080001c	beqz	r4,L8_LF2
  908  000018c0  54000000	nop; delay slot nop
  909  000018c4  304300ff	andi	r3,r2,#0x00ff
  910  000018c8  70640066	sleui	r4,r3,#102
  911  000018cc  14800034	bnez	r4,L6_LF2
  912  000018d0  54000000	nop; delay slot nop
  913  000018d4  08000004	j	L8_LF2
  914  000018d8  54000000	nop; delay slot nop
  915  000018dc          	L8_LF2:
  916  000018dc  304300ff	andi	r3,r2,#0x00ff
  917  000018e0  6c640040	sgtui	r4,r3,#64
  918  000018e4  10800020	beqz	r4,L5_LF2
  919  000018e8  54000000	nop; delay slot nop
  920  000018ec  304300ff	andi	r3,r2,#0x00ff
  921  000018f0  70640041	sleui	r4,r3,#65
  922  000018f4  1480000c	bnez	r4,L6_LF2
  923  000018f8  54000000	nop; delay slot nop
  924  000018fc  08000008	j	L5_LF2
  925  00001900  54000000	nop; delay slot nop
  926  00001904          	L6_LF2:
  927  00001904  20010001	addi	r1,r0,#1
  928  00001908          	L5_LF2:
  929  00001908  08000004	j	L4_LF2
  930  0000190c  54000000	nop; delay slot nop
  931  00001910          	L4_LF2:
  932  00001910  8fa20000	lw	r2,0(r29)
  933  00001914  8fa30004	lw	r3,4(r29)
  934  00001918  8fa40008	lw	r4,8(r29)
  935  0000191c  8fdffff8	lw	r31,-8(r30)
  936  00001920  001ee820	add	r29,r0,r30
  937  00001924  8fdefffc	lw	r30,-4(r30)
  938  00001928  4be00000	jr	r31
  939  0000192c  54000000	nop
  940  00001930          	.endproc _isxdigit
  941  00001930          	.align 2
  942  00001930          	.proc _dstrcpy
  943  00001930          	.global _dstrcpy
  944  00001930          	_dstrcpy:
  945                      ;  Function 'dstrcpy'; 8 bytes of locals, 2 regs to save.
  946  00001930  afbefffc	sw	-4(r29),r30; push fp
  947  00001934  001df020	add	r30,r0,r29; fp = sp
  948  00001938  afbffff8	sw	-8(r29),r31; push ret addr
  949  0000193c  2fbd0018	subui	r29,r29,#24; alloc local storage
  950  00001940  afa20000	sw	0(r29),r2
  951  00001944  afa30004	sw	4(r29),r3
  952  00001948  8fc10000	lw	r1,(r30)
  953  0000194c  afc1fff4	sw	-12(r30),r1
  954  00001950          	L10_LF2:
  955  00001950  8fc10000	lw	r1,(r30)
  956  00001954  20220001	addi	r2,r1,#1
  957  00001958  afc20000	sw	(r30),r2
  958  0000195c  8fc20004	lw	r2,4(r30)
  959  00001960  20430001	addi	r3,r2,#1
  960  00001964  afc30004	sw	4(r30),r3
  961  00001968  80420000	lb	r2,(r2)
  962  0000196c  a0220000	sb	(r1),r2
  963  00001970  a3c2fff3	sb	-13(r30),r2
  964  00001974          	L12_LF2:
  965  00001974  93c1fff3	lbu	r1,-13(r30)
  966  00001978  64220000	snei	r2,r1,#0
  967  0000197c  1440000c	bnez	r2,L13_LF2
  968  00001980  54000000	nop; delay slot nop
  969  00001984  0800000c	j	L11_LF2
  970  00001988  54000000	nop; delay slot nop
  971  0000198c          	L13_LF2:
  972  0000198c  0bffffc0	j	L10_LF2
  973  00001990  54000000	nop; delay slot nop
  974  00001994          	L11_LF2:
  975  00001994  8fc1fff4	lw	r1,-12(r30)
  976  00001998  08000004	j	L9_LF2
  977  0000199c  54000000	nop; delay slot nop
  978  000019a0          	L9_LF2:
  979  000019a0  8fa20000	lw	r2,0(r29)
  980  000019a4  8fa30004	lw	r3,4(r29)
  981  000019a8  8fdffff8	lw	r31,-8(r30)
  982  000019ac  001ee820	add	r29,r0,r30
  983  000019b0  8fdefffc	lw	r30,-4(r30)
  984  000019b4  4be00000	jr	r31
  985  000019b8  54000000	nop
  986  000019bc          	.endproc _dstrcpy
  987  000019bc          	.align 2
  988  000019bc          	.proc _dstrncpy
  989  000019bc          	.global _dstrncpy
  990  000019bc          	_dstrncpy:
  991                      ;  Function 'dstrncpy'; 8 bytes of locals, 2 regs to save.
  992  000019bc  afbefffc	sw	-4(r29),r30; push fp
  993  000019c0  001df020	add	r30,r0,r29; fp = sp
  994  000019c4  afbffff8	sw	-8(r29),r31; push ret addr
  995  000019c8  2fbd0018	subui	r29,r29,#24; alloc local storage
  996  000019cc  afa20000	sw	0(r29),r2
  997  000019d0  afa30004	sw	4(r29),r3
  998  000019d4  8fc10000	lw	r1,(r30)
  999  000019d8  afc1fff4	sw	-12(r30),r1
 1000  000019dc          	L15_LF2:
 1001  000019dc  8fc10008	lw	r1,8(r30)
 1002  000019e0  2022ffff	addi	r2,r1,#-1
 1003  000019e4  afc20008	sw	8(r30),r2
 1004  000019e8  70210000	slei	r1,r1,#0
 1005  000019ec  1020000c	beqz	r1,L18_LF2
 1006  000019f0  54000000	nop; delay slot nop
 1007  000019f4  08000048	j	L16_LF2
 1008  000019f8  54000000	nop; delay slot nop
 1009  000019fc          	L18_LF2:
 1010  000019fc  8fc10000	lw	r1,(r30)
 1011  00001a00  20220001	addi	r2,r1,#1
 1012  00001a04  afc20000	sw	(r30),r2
 1013  00001a08  8fc20004	lw	r2,4(r30)
 1014  00001a0c  20430001	addi	r3,r2,#1
 1015  00001a10  afc30004	sw	4(r30),r3
 1016  00001a14  80420000	lb	r2,(r2)
 1017  00001a18  a0220000	sb	(r1),r2
 1018  00001a1c  a3c2fff3	sb	-13(r30),r2
 1019  00001a20          	L17_LF2:
 1020  00001a20  93c1fff3	lbu	r1,-13(r30)
 1021  00001a24  64220000	snei	r2,r1,#0
 1022  00001a28  1440000c	bnez	r2,L19_LF2
 1023  00001a2c  54000000	nop; delay slot nop
 1024  00001a30  0800000c	j	L16_LF2
 1025  00001a34  54000000	nop; delay slot nop
 1026  00001a38          	L19_LF2:
 1027  00001a38  0bffffa0	j	L15_LF2
 1028  00001a3c  54000000	nop; delay slot nop
 1029  00001a40          	L16_LF2:
 1030  00001a40  8fc1fff4	lw	r1,-12(r30)
 1031  00001a44  08000004	j	L14_LF2
 1032  00001a48  54000000	nop; delay slot nop
 1033  00001a4c          	L14_LF2:
 1034  00001a4c  8fa20000	lw	r2,0(r29)
 1035  00001a50  8fa30004	lw	r3,4(r29)
 1036  00001a54  8fdffff8	lw	r31,-8(r30)
 1037  00001a58  001ee820	add	r29,r0,r30
 1038  00001a5c  8fdefffc	lw	r30,-4(r30)
 1039  00001a60  4be00000	jr	r31
 1040  00001a64  54000000	nop
 1041  00001a68          	.endproc _dstrncpy
 1042  00001a68          	.align 2
 1043  00001a68          	.proc _dstrcat
 1044  00001a68          	.global _dstrcat
 1045  00001a68          	_dstrcat:
 1046                      ;  Function 'dstrcat'; 8 bytes of locals, 1 regs to save.
 1047  00001a68  afbefffc	sw	-4(r29),r30; push fp
 1048  00001a6c  001df020	add	r30,r0,r29; fp = sp
 1049  00001a70  afbffff8	sw	-8(r29),r31; push ret addr
 1050  00001a74  2fbd0018	subui	r29,r29,#24; alloc local storage
 1051  00001a78  afa20000	sw	0(r29),r2
 1052  00001a7c  8fc10000	lw	r1,(r30)
 1053  00001a80  afc1fff4	sw	-12(r30),r1
 1054  00001a84          	L21_LF2:
 1055  00001a84  8fc10000	lw	r1,(r30)
 1056  00001a88  90220000	lbu	r2,(r1)
 1057  00001a8c  64410000	snei	r1,r2,#0
 1058  00001a90  1420000c	bnez	r1,L23_LF2
 1059  00001a94  54000000	nop; delay slot nop
 1060  00001a98  0800001c	j	L22_LF2
 1061  00001a9c  54000000	nop; delay slot nop
 1062  00001aa0          	L23_LF2:
 1063  00001aa0  8fc20000	lw	r2,(r30)
 1064  00001aa4  20410001	addi	r1,r2,#1
 1065  00001aa8  00011020	add	r2,r0,r1
 1066  00001aac  afc20000	sw	(r30),r2
 1067  00001ab0  0bffffd0	j	L21_LF2
 1068  00001ab4  54000000	nop; delay slot nop
 1069  00001ab8          	L22_LF2:
 1070  00001ab8  23bdfff8	addi	r29,r29,#-8
 1071  00001abc  001d0820	add	r1,r0,r29
 1072  00001ac0  8fc20000	lw	r2,(r30)
 1073  00001ac4  ac220000	sw	(r1),r2
 1074  00001ac8  8fc20004	lw	r2,4(r30)
 1075  00001acc  ac220004	sw	4(r1),r2
 1076  00001ad0  0ffffe5c	jal	_dstrcpy
 1077  00001ad4  54000000	nop; delay slot nop
 1078  00001ad8  23bd0008	addi	r29,r29,#8
 1079  00001adc  8fc1fff4	lw	r1,-12(r30)
 1080  00001ae0  08000004	j	L20_LF2
 1081  00001ae4  54000000	nop; delay slot nop
 1082  00001ae8          	L20_LF2:
 1083  00001ae8  8fa20000	lw	r2,0(r29)
 1084  00001aec  8fdffff8	lw	r31,-8(r30)
 1085  00001af0  001ee820	add	r29,r0,r30
 1086  00001af4  8fdefffc	lw	r30,-4(r30)
 1087  00001af8  4be00000	jr	r31
 1088  00001afc  54000000	nop
 1089  00001b00          	.endproc _dstrcat
 1090  00001b00          	.align 2
 1091  00001b00          	.proc _dstrncmp
 1092  00001b00          	.global _dstrncmp
 1093  00001b00          	_dstrncmp:
 1094                      ;  Function 'dstrncmp'; 8 bytes of locals, 2 regs to save.
 1095  00001b00  afbefffc	sw	-4(r29),r30; push fp
 1096  00001b04  001df020	add	r30,r0,r29; fp = sp
 1097  00001b08  afbffff8	sw	-8(r29),r31; push ret addr
 1098  00001b0c  2fbd0018	subui	r29,r29,#24; alloc local storage
 1099  00001b10  afa20000	sw	0(r29),r2
 1100  00001b14  afa30004	sw	4(r29),r3
 1101  00001b18  54000000	nop
 1102  00001b1c  20010000	addi	r1,r0,#0
 1103  00001b20  afc1fff4	sw	-12(r30),r1
 1104  00001b24          	L25_LF2:
 1105  00001b24  8fc1fff4	lw	r1,-12(r30)
 1106  00001b28  8fc20008	lw	r2,8(r30)
 1107  00001b2c  0022082a	slt	r1,r1,r2
 1108  00001b30  1420000c	bnez	r1,L28_LF2
 1109  00001b34  54000000	nop; delay slot nop
 1110  00001b38  08000088	j	L26_LF2
 1111  00001b3c  54000000	nop; delay slot nop
 1112  00001b40          	L28_LF2:
 1113  00001b40  8fc10004	lw	r1,4(r30)
 1114  00001b44  90220000	lbu	r2,(r1)
 1115  00001b48  64410000	snei	r1,r2,#0
 1116  00001b4c  14200018	bnez	r1,L29_LF2
 1117  00001b50  54000000	nop; delay slot nop
 1118  00001b54  20010000	addi	r1,r0,#0
 1119  00001b58  080000d8	j	L24_LF2
 1120  00001b5c  54000000	nop; delay slot nop
 1121  00001b60  08000028	j	L30_LF2
 1122  00001b64  54000000	nop; delay slot nop
 1123  00001b68          	L29_LF2:
 1124  00001b68  8fc10000	lw	r1,(r30)
 1125  00001b6c  8fc20004	lw	r2,4(r30)
 1126  00001b70  90210000	lbu	r1,(r1)
 1127  00001b74  90420000	lbu	r2,(r2)
 1128  00001b78  00220829	sne	r1,r1,r2
 1129  00001b7c  1020000c	beqz	r1,L30_LF2
 1130  00001b80  54000000	nop; delay slot nop
 1131  00001b84  0800003c	j	L26_LF2
 1132  00001b88  54000000	nop; delay slot nop
 1133  00001b8c          	L31_LF2:
 1134  00001b8c          	L30_LF2:
 1135  00001b8c  8fc20000	lw	r2,(r30)
 1136  00001b90  20410001	addi	r1,r2,#1
 1137  00001b94  00011020	add	r2,r0,r1
 1138  00001b98  afc20000	sw	(r30),r2
 1139  00001b9c  8fc20004	lw	r2,4(r30)
 1140  00001ba0  20410001	addi	r1,r2,#1
 1141  00001ba4  00011020	add	r2,r0,r1
 1142  00001ba8  afc20004	sw	4(r30),r2
 1143  00001bac          	L27_LF2:
 1144  00001bac  8fc2fff4	lw	r2,-12(r30)
 1145  00001bb0  20410001	addi	r1,r2,#1
 1146  00001bb4  00011020	add	r2,r0,r1
 1147  00001bb8  afc2fff4	sw	-12(r30),r2
 1148  00001bbc  0bffff64	j	L25_LF2
 1149  00001bc0  54000000	nop; delay slot nop
 1150  00001bc4          	L26_LF2:
 1151  00001bc4  8fc1fff4	lw	r1,-12(r30)
 1152  00001bc8  8fc20008	lw	r2,8(r30)
 1153  00001bcc  00220828	seq	r1,r1,r2
 1154  00001bd0  10200018	beqz	r1,L32_LF2
 1155  00001bd4  54000000	nop; delay slot nop
 1156  00001bd8  20010000	addi	r1,r0,#0
 1157  00001bdc  08000054	j	L24_LF2
 1158  00001be0  54000000	nop; delay slot nop
 1159  00001be4  0800004c	j	L33_LF2
 1160  00001be8  54000000	nop; delay slot nop
 1161  00001bec          	L32_LF2:
 1162  00001bec  8fc20000	lw	r2,(r30)
 1163  00001bf0  90410000	lbu	r1,(r2)
 1164  00001bf4  8fc20004	lw	r2,4(r30)
 1165  00001bf8  90430000	lbu	r3,(r2)
 1166  00001bfc  00230822	sub	r1,r1,r3
 1167  00001c00  74220000	sgei	r2,r1,#0
 1168  00001c04  10400020	beqz	r2,L34_LF2
 1169  00001c08  54000000	nop; delay slot nop
 1170  00001c0c  8fc10000	lw	r1,(r30)
 1171  00001c10  8fc20004	lw	r2,4(r30)
 1172  00001c14  90210000	lbu	r1,(r1)
 1173  00001c18  90420000	lbu	r2,(r2)
 1174  00001c1c  00220829	sne	r1,r1,r2
 1175  00001c20  08000008	j	L35_LF2
 1176  00001c24  54000000	nop; delay slot nop
 1177  00001c28          	L34_LF2:
 1178  00001c28  2001ffff	addi	r1,r0,#-1
 1179  00001c2c          	L35_LF2:
 1180  00001c2c  08000004	j	L24_LF2
 1181  00001c30  54000000	nop; delay slot nop
 1182  00001c34          	L33_LF2:
 1183  00001c34          	L24_LF2:
 1184  00001c34  8fa20000	lw	r2,0(r29)
 1185  00001c38  8fa30004	lw	r3,4(r29)
 1186  00001c3c  8fdffff8	lw	r31,-8(r30)
 1187  00001c40  001ee820	add	r29,r0,r30
 1188  00001c44  8fdefffc	lw	r30,-4(r30)
 1189  00001c48  4be00000	jr	r31
 1190  00001c4c  54000000	nop
 1191  00001c50          	.endproc _dstrncmp
 1192  00001c50          	.align 2
 1193  00001c50          	.proc _dstrlen
 1194  00001c50          	.global _dstrlen
 1195  00001c50          	_dstrlen:
 1196                      ;  Function 'dstrlen'; 8 bytes of locals, 1 regs to save.
 1197  00001c50  afbefffc	sw	-4(r29),r30; push fp
 1198  00001c54  001df020	add	r30,r0,r29; fp = sp
 1199  00001c58  afbffff8	sw	-8(r29),r31; push ret addr
 1200  00001c5c  2fbd0018	subui	r29,r29,#24; alloc local storage
 1201  00001c60  afa20000	sw	0(r29),r2
 1202  00001c64  20010000	addi	r1,r0,#0
 1203  00001c68  afc1fff4	sw	-12(r30),r1
 1204  00001c6c          	L37_LF2:
 1205  00001c6c  8fc10000	lw	r1,(r30)
 1206  00001c70  20220001	addi	r2,r1,#1
 1207  00001c74  afc20000	sw	(r30),r2
 1208  00001c78  90210000	lbu	r1,(r1)
 1209  00001c7c  64220000	snei	r2,r1,#0
 1210  00001c80  1440000c	bnez	r2,L39_LF2
 1211  00001c84  54000000	nop; delay slot nop
 1212  00001c88  0800001c	j	L38_LF2
 1213  00001c8c  54000000	nop; delay slot nop
 1214  00001c90          	L39_LF2:
 1215  00001c90  8fc2fff4	lw	r2,-12(r30)
 1216  00001c94  20410001	addi	r1,r2,#1
 1217  00001c98  00011020	add	r2,r0,r1
 1218  00001c9c  afc2fff4	sw	-12(r30),r2
 1219  00001ca0  0bffffc8	j	L37_LF2
 1220  00001ca4  54000000	nop; delay slot nop
 1221  00001ca8          	L38_LF2:
 1222  00001ca8  8fc1fff4	lw	r1,-12(r30)
 1223  00001cac  08000004	j	L36_LF2
 1224  00001cb0  54000000	nop; delay slot nop
 1225  00001cb4          	L36_LF2:
 1226  00001cb4  8fa20000	lw	r2,0(r29)
 1227  00001cb8  8fdffff8	lw	r31,-8(r30)
 1228  00001cbc  001ee820	add	r29,r0,r30
 1229  00001cc0  8fdefffc	lw	r30,-4(r30)
 1230  00001cc4  4be00000	jr	r31
 1231  00001cc8  54000000	nop
 1232  00001ccc          	.endproc _dstrlen
 1233  00001ccc          	.align 2
 1234  00001ccc          	.proc _dstrstr
 1235  00001ccc          	.global _dstrstr
 1236  00001ccc          	_dstrstr:
 1237                      ;  Function 'dstrstr'; 8 bytes of locals, 1 regs to save.
 1238  00001ccc  afbefffc	sw	-4(r29),r30; push fp
 1239  00001cd0  001df020	add	r30,r0,r29; fp = sp
 1240  00001cd4  afbffff8	sw	-8(r29),r31; push ret addr
 1241  00001cd8  2fbd0018	subui	r29,r29,#24; alloc local storage
 1242  00001cdc  afa20000	sw	0(r29),r2
 1243  00001ce0  23bdfff8	addi	r29,r29,#-8
 1244  00001ce4  001d0820	add	r1,r0,r29
 1245  00001ce8  8fc20004	lw	r2,4(r30)
 1246  00001cec  ac220000	sw	(r1),r2
 1247  00001cf0  0fffff5c	jal	_dstrlen
 1248  00001cf4  54000000	nop; delay slot nop
 1249  00001cf8  23bd0008	addi	r29,r29,#8
 1250  00001cfc  afc1fff4	sw	-12(r30),r1
 1251  00001d00          	L41_LF2:
 1252  00001d00  8fc10000	lw	r1,(r30)
 1253  00001d04  90220000	lbu	r2,(r1)
 1254  00001d08  64410000	snei	r1,r2,#0
 1255  00001d0c  1420000c	bnez	r1,L43_LF2
 1256  00001d10  54000000	nop; delay slot nop
 1257  00001d14  08000060	j	L42_LF2
 1258  00001d18  54000000	nop; delay slot nop
 1259  00001d1c          	L43_LF2:
 1260  00001d1c  23bdfff0	addi	r29,r29,#-16
 1261  00001d20  001d0820	add	r1,r0,r29
 1262  00001d24  8fc20000	lw	r2,(r30)
 1263  00001d28  ac220000	sw	(r1),r2
 1264  00001d2c  8fc20004	lw	r2,4(r30)
 1265  00001d30  ac220004	sw	4(r1),r2
 1266  00001d34  8fc2fff4	lw	r2,-12(r30)
 1267  00001d38  ac220008	sw	8(r1),r2
 1268  00001d3c  0ffffdc0	jal	_dstrncmp
 1269  00001d40  54000000	nop; delay slot nop
 1270  00001d44  23bd0010	addi	r29,r29,#16
 1271  00001d48  64220000	snei	r2,r1,#0
 1272  00001d4c  14400010	bnez	r2,L44_LF2
 1273  00001d50  54000000	nop; delay slot nop
 1274  00001d54  8fc10000	lw	r1,(r30)
 1275  00001d58  08000028	j	L40_LF2
 1276  00001d5c  54000000	nop; delay slot nop
 1277  00001d60          	L44_LF2:
 1278  00001d60  8fc20000	lw	r2,(r30)
 1279  00001d64  20410001	addi	r1,r2,#1
 1280  00001d68  00011020	add	r2,r0,r1
 1281  00001d6c  afc20000	sw	(r30),r2
 1282  00001d70  0bffff8c	j	L41_LF2
 1283  00001d74  54000000	nop; delay slot nop
 1284  00001d78          	L42_LF2:
 1285  00001d78  20010000	addi	r1,r0,#0
 1286  00001d7c  08000004	j	L40_LF2
 1287  00001d80  54000000	nop; delay slot nop
 1288  00001d84          	L40_LF2:
 1289  00001d84  8fa20000	lw	r2,0(r29)
 1290  00001d88  8fdffff8	lw	r31,-8(r30)
 1291  00001d8c  001ee820	add	r29,r0,r30
 1292  00001d90  8fdefffc	lw	r30,-4(r30)
 1293  00001d94  4be00000	jr	r31
 1294  00001d98  54000000	nop
 1295  00001d9c          	.endproc _dstrstr
 1296  00001d9c          	.align 2
 1297  00001d9c          	.proc _dmindex
 1298  00001d9c          	.global _dmindex
 1299  00001d9c          	_dmindex:
 1300                      ;  Function 'dmindex'; 8 bytes of locals, 1 regs to save.
 1301  00001d9c  afbefffc	sw	-4(r29),r30; push fp
 1302  00001da0  001df020	add	r30,r0,r29; fp = sp
 1303  00001da4  afbffff8	sw	-8(r29),r31; push ret addr
 1304  00001da8  2fbd0018	subui	r29,r29,#24; alloc local storage
 1305  00001dac  afa20000	sw	0(r29),r2
 1306  00001db0  54000000	nop
 1307  00001db4          	L46_LF2:
 1308  00001db4  8fc10000	lw	r1,(r30)
 1309  00001db8  90220000	lbu	r2,(r1)
 1310  00001dbc  64410000	snei	r1,r2,#0
 1311  00001dc0  1420000c	bnez	r1,L48_LF2
 1312  00001dc4  54000000	nop; delay slot nop
 1313  00001dc8  08000070	j	L47_LF2
 1314  00001dcc  54000000	nop; delay slot nop
 1315  00001dd0          	L48_LF2:
 1316  00001dd0  8fc10004	lw	r1,4(r30)
 1317  00001dd4  afc1fff4	sw	-12(r30),r1
 1318  00001dd8          	L49_LF2:
 1319  00001dd8  8fc1fff4	lw	r1,-12(r30)
 1320  00001ddc  90220000	lbu	r2,(r1)
 1321  00001de0  64410000	snei	r1,r2,#0
 1322  00001de4  1420000c	bnez	r1,L52_LF2
 1323  00001de8  54000000	nop; delay slot nop
 1324  00001dec  08000044	j	L50_LF2
 1325  00001df0  54000000	nop; delay slot nop
 1326  00001df4          	L52_LF2:
 1327  00001df4  8fc10000	lw	r1,(r30)
 1328  00001df8  8fc2fff4	lw	r2,-12(r30)
 1329  00001dfc  90210000	lbu	r1,(r1)
 1330  00001e00  90420000	lbu	r2,(r2)
 1331  00001e04  00220828	seq	r1,r1,r2
 1332  00001e08  10200010	beqz	r1,L51_LF2
 1333  00001e0c  54000000	nop; delay slot nop
 1334  00001e10  8fc10000	lw	r1,(r30)
 1335  00001e14  08000030	j	L45_LF2
 1336  00001e18  54000000	nop; delay slot nop
 1337  00001e1c          	L53_LF2:
 1338  00001e1c          	L51_LF2:
 1339  00001e1c  8fc2fff4	lw	r2,-12(r30)
 1340  00001e20  20410001	addi	r1,r2,#1
 1341  00001e24  00011020	add	r2,r0,r1
 1342  00001e28  afc2fff4	sw	-12(r30),r2
 1343  00001e2c  0bffffa8	j	L49_LF2
 1344  00001e30  54000000	nop; delay slot nop
 1345  00001e34          	L50_LF2:
 1346  00001e34  0bffff7c	j	L46_LF2
 1347  00001e38  54000000	nop; delay slot nop
 1348  00001e3c          	L47_LF2:
 1349  00001e3c  20010000	addi	r1,r0,#0
 1350  00001e40  08000004	j	L45_LF2
 1351  00001e44  54000000	nop; delay slot nop
 1352  00001e48          	L45_LF2:
 1353  00001e48  8fa20000	lw	r2,0(r29)
 1354  00001e4c  8fdffff8	lw	r31,-8(r30)
 1355  00001e50  001ee820	add	r29,r0,r30
 1356  00001e54  8fdefffc	lw	r30,-4(r30)
 1357  00001e58  4be00000	jr	r31
 1358  00001e5c  54000000	nop
 1359  00001e60          	.endproc _dmindex
 1360  00001e60          	.align 2
 1361  00001e60          	.proc _dindex
 1362  00001e60          	.global _dindex
 1363  00001e60          	_dindex:
 1364                      ;  Function 'dindex'; 0 bytes of locals, 1 regs to save.
 1365  00001e60  afbefffc	sw	-4(r29),r30; push fp
 1366  00001e64  001df020	add	r30,r0,r29; fp = sp
 1367  00001e68  afbffff8	sw	-8(r29),r31; push ret addr
 1368  00001e6c  2fbd0010	subui	r29,r29,#16; alloc local storage
 1369  00001e70  afa20000	sw	0(r29),r2
 1370  00001e74  54000000	nop
 1371  00001e78          	L55_LF2:
 1372  00001e78  8fc10000	lw	r1,(r30)
 1373  00001e7c  90220000	lbu	r2,(r1)
 1374  00001e80  64410000	snei	r1,r2,#0
 1375  00001e84  1420000c	bnez	r1,L57_LF2
 1376  00001e88  54000000	nop; delay slot nop
 1377  00001e8c  08000040	j	L56_LF2
 1378  00001e90  54000000	nop; delay slot nop
 1379  00001e94          	L57_LF2:
 1380  00001e94  8fc10000	lw	r1,(r30)
 1381  00001e98  90220000	lbu	r2,(r1)
 1382  00001e9c  8fc10004	lw	r1,4(r30)
 1383  00001ea0  00411028	seq	r2,r2,r1
 1384  00001ea4  10400010	beqz	r2,L58_LF2
 1385  00001ea8  54000000	nop; delay slot nop
 1386  00001eac  8fc10000	lw	r1,(r30)
 1387  00001eb0  08000028	j	L54_LF2
 1388  00001eb4  54000000	nop; delay slot nop
 1389  00001eb8          	L58_LF2:
 1390  00001eb8  8fc20000	lw	r2,(r30)
 1391  00001ebc  20410001	addi	r1,r2,#1
 1392  00001ec0  00011020	add	r2,r0,r1
 1393  00001ec4  afc20000	sw	(r30),r2
 1394  00001ec8  0bffffac	j	L55_LF2
 1395  00001ecc  54000000	nop; delay slot nop
 1396  00001ed0          	L56_LF2:
 1397  00001ed0  20010000	addi	r1,r0,#0
 1398  00001ed4  08000004	j	L54_LF2
 1399  00001ed8  54000000	nop; delay slot nop
 1400  00001edc          	L54_LF2:
 1401  00001edc  8fa20000	lw	r2,0(r29)
 1402  00001ee0  8fdffff8	lw	r31,-8(r30)
 1403  00001ee4  001ee820	add	r29,r0,r30
 1404  00001ee8  8fdefffc	lw	r30,-4(r30)
 1405  00001eec  4be00000	jr	r31
 1406  00001ef0  54000000	nop
 1407  00001ef4          	.endproc _dindex
 1408  00001ef4          	.align 2
 1409  00001ef4          	.proc _ditoa
 1410  00001ef4          	.global _ditoa
 1411  00001ef4          	_ditoa:
 1412                      ;  Function 'ditoa'; 8 bytes of locals, 2 regs to save.
 1413  00001ef4  afbefffc	sw	-4(r29),r30; push fp
 1414  00001ef8  001df020	add	r30,r0,r29; fp = sp
 1415  00001efc  afbffff8	sw	-8(r29),r31; push ret addr
 1416  00001f00  2fbd0018	subui	r29,r29,#24; alloc local storage
 1417  00001f04  afa20000	sw	0(r29),r2
 1418  00001f08  afa30004	sw	4(r29),r3
 1419  00001f0c  8fc10000	lw	r1,(r30)
 1420  00001f10  68220000	slti	r2,r1,#0
 1421  00001f14  1040002c	beqz	r2,L60_LF2
 1422  00001f18  54000000	nop; delay slot nop
 1423  00001f1c  8fc10004	lw	r1,4(r30)
 1424  00001f20  20220001	addi	r2,r1,#1
 1425  00001f24  afc20004	sw	4(r30),r2
 1426  00001f28  2002002d	addi	r2,r0,(#0x2d)&0xff
 1427  00001f2c  a0220000	sb	(r1),r2
 1428  00001f30  8fc10000	lw	r1,(r30)
 1429  00001f34  00011022	sub	r2,r0,r1
 1430  00001f38  afc20000	sw	(r30),r2
 1431  00001f3c  08000118	j	L61_LF2
 1432  00001f40  54000000	nop; delay slot nop
 1433  00001f44          	L60_LF2:
 1434  00001f44  8fc10000	lw	r1,(r30)
 1435  00001f48  64220000	snei	r2,r1,#0
 1436  00001f4c  14400020	bnez	r2,L62_LF2
 1437  00001f50  54000000	nop; delay slot nop
 1438  00001f54  8fc10004	lw	r1,4(r30)
 1439  00001f58  20220001	addi	r2,r1,#1
 1440  00001f5c  afc20004	sw	4(r30),r2
 1441  00001f60  20020030	addi	r2,r0,(#0x30)&0xff
 1442  00001f64  a0220000	sb	(r1),r2
 1443  00001f68  080000ec	j	L61_LF2
 1444  00001f6c  54000000	nop; delay slot nop
 1445  00001f70          	L62_LF2:
 1446  00001f70  20010001	addi	r1,r0,#1
 1447  00001f74  afc1fff4	sw	-12(r30),r1
 1448  00001f78          	L64_LF2:
 1449  00001f78  8fc1fff4	lw	r1,-12(r30)
 1450  00001f7c  8fc20000	lw	r2,(r30)
 1451  00001f80  0022082c	sle	r1,r1,r2
 1452  00001f84  1420000c	bnez	r1,L66_LF2
 1453  00001f88  54000000	nop; delay slot nop
 1454  00001f8c  08000024	j	L65_LF2
 1455  00001f90  54000000	nop; delay slot nop
 1456  00001f94          	L67_LF2:
 1457  00001f94          	L66_LF2:
 1458  00001f94  8fc1fff4	lw	r1,-12(r30)
 1459  00001f98  00011820	add	r3,r0,r1
 1460  00001f9c  50620002	slli	r2,r3,#0x2
 1461  00001fa0  00411020	add	r2,r2,r1
 1462  00001fa4  50410001	slli	r1,r2,#0x1
 1463  00001fa8  afc1fff4	sw	-12(r30),r1
 1464  00001fac  0bffffc8	j	L64_LF2
 1465  00001fb0  54000000	nop; delay slot nop
 1466  00001fb4          	L65_LF2:
 1467  00001fb4  54000000	nop
 1468  00001fb8          	L68_LF2:
 1469  00001fb8  8fc1fff4	lw	r1,-12(r30)
 1470  00001fbc  2002000a	addi	r2,r0,#10
 1471  00001fc0  00200035	movi2fp	f0,r1
 1472  00001fc4  00400835	movi2fp	f1,r2
 1473  00001fc8  0401000f	div	f0,f0,f1
 1474  00001fcc  00000834	movfp2i	r1,f0
 1475  00001fd0  afc1fff4	sw	-12(r30),r1
 1476  00001fd4  8fc10004	lw	r1,4(r30)
 1477  00001fd8  20220001	addi	r2,r1,#1
 1478  00001fdc  afc20004	sw	4(r30),r2
 1479  00001fe0  8fc20000	lw	r2,(r30)
 1480  00001fe4  8fc3fff4	lw	r3,-12(r30)
 1481  00001fe8  00400035	movi2fp	f0,r2
 1482  00001fec  00600835	movi2fp	f1,r3
 1483  00001ff0  0401000f	div	f0,f0,f1
 1484  00001ff4  00001034	movfp2i	r2,f0
 1485  00001ff8  00021820	add	r3,r0,r2
 1486  00001ffc  20620030	addi	r2,r3,#48
 1487  00002000  a0220000	sb	(r1),r2
 1488  00002004  8fc10000	lw	r1,(r30)
 1489  00002008  8fc3fff4	lw	r3,-12(r30)
 1490  0000200c  00200035	movi2fp	f0,r1
 1491  00002010  00600835	movi2fp	f1,r3
 1492  00002014  0401000f	div	f0,f0,f1
 1493  00002018  00001034	movfp2i	r2,f0
 1494  0000201c  8fc3fff4	lw	r3,-12(r30)
 1495  00002020  00400035	movi2fp	f0,r2
 1496  00002024  00600835	movi2fp	f1,r3
 1497  00002028  0401000e	mult	f0,f0,f1
 1498  0000202c  00001034	movfp2i	r2,f0
 1499  00002030  00220822	sub	r1,r1,r2
 1500  00002034  afc10000	sw	(r30),r1
 1501  00002038          	L70_LF2:
 1502  00002038  8fc1fff4	lw	r1,-12(r30)
 1503  0000203c  6c220001	sgti	r2,r1,#1
 1504  00002040  1440000c	bnez	r2,L71_LF2
 1505  00002044  54000000	nop; delay slot nop
 1506  00002048  0800000c	j	L61_LF2
 1507  0000204c  54000000	nop; delay slot nop
 1508  00002050          	L71_LF2:
 1509  00002050  0bffff64	j	L68_LF2
 1510  00002054  54000000	nop; delay slot nop
 1511  00002058          	L69_LF2:
 1512  00002058          	L63_LF2:
 1513  00002058          	L61_LF2:
 1514  00002058  8fc10004	lw	r1,4(r30)
 1515  0000205c  20020000	addi	r2,r0,(#0x0)&0xff
 1516  00002060  a0220000	sb	(r1),r2
 1517  00002064          	L59_LF2:
 1518  00002064  8fa20000	lw	r2,0(r29)
 1519  00002068  8fa30004	lw	r3,4(r29)
 1520  0000206c  8fdffff8	lw	r31,-8(r30)
 1521  00002070  001ee820	add	r29,r0,r30
 1522  00002074  8fdefffc	lw	r30,-4(r30)
 1523  00002078  4be00000	jr	r31
 1524  0000207c  54000000	nop
 1525  00002080          	.endproc _ditoa
 1526  00002080          	.align 2
 1527  00002080          	.proc _dstrtol
 1528  00002080          	.global _dstrtol
 1529  00002080          	_dstrtol:
 1530                      ;  Function 'dstrtol'; 16 bytes of locals, 1 regs to save.
 1531  00002080  afbefffc	sw	-4(r29),r30; push fp
 1532  00002084  001df020	add	r30,r0,r29; fp = sp
 1533  00002088  afbffff8	sw	-8(r29),r31; push ret addr
 1534  0000208c  2fbd0020	subui	r29,r29,#32; alloc local storage
 1535  00002090  afa20000	sw	0(r29),r2
 1536  00002094  20010000	addi	r1,r0,#0
 1537  00002098  afc1fff4	sw	-12(r30),r1
 1538  0000209c          	L73_LF2:
 1539  0000209c  8fc10000	lw	r1,(r30)
 1540  000020a0  90220000	lbu	r2,(r1)
 1541  000020a4  60410020	seqi	r1,r2,#32
 1542  000020a8  14200034	bnez	r1,L75_LF2
 1543  000020ac  54000000	nop; delay slot nop
 1544  000020b0  8fc10000	lw	r1,(r30)
 1545  000020b4  90220000	lbu	r2,(r1)
 1546  000020b8  60410009	seqi	r1,r2,#9
 1547  000020bc  14200020	bnez	r1,L75_LF2
 1548  000020c0  54000000	nop; delay slot nop
 1549  000020c4  8fc10000	lw	r1,(r30)
 1550  000020c8  90220000	lbu	r2,(r1)
 1551  000020cc  6041000a	seqi	r1,r2,#10
 1552  000020d0  1420000c	bnez	r1,L75_LF2
 1553  000020d4  54000000	nop; delay slot nop
 1554  000020d8  0800001c	j	L74_LF2
 1555  000020dc  54000000	nop; delay slot nop
 1556  000020e0          	L75_LF2:
 1557  000020e0  8fc20000	lw	r2,(r30)
 1558  000020e4  20410001	addi	r1,r2,#1
 1559  000020e8  00011020	add	r2,r0,r1
 1560  000020ec  afc20000	sw	(r30),r2
 1561  000020f0  0bffffa8	j	L73_LF2
 1562  000020f4  54000000	nop; delay slot nop
 1563  000020f8          	L74_LF2:
 1564  000020f8  8fc10004	lw	r1,4(r30)
 1565  000020fc  64220000	snei	r2,r1,#0
 1566  00002100  10400010	beqz	r2,L76_LF2
 1567  00002104  54000000	nop; delay slot nop
 1568  00002108  8fc10004	lw	r1,4(r30)
 1569  0000210c  8fc20000	lw	r2,(r30)
 1570  00002110  ac220000	sw	(r1),r2
 1571  00002114          	L76_LF2:
 1572  00002114  8fc10000	lw	r1,(r30)
 1573  00002118  90220000	lbu	r2,(r1)
 1574  0000211c  64410000	snei	r1,r2,#0
 1575  00002120  14200010	bnez	r1,L77_LF2
 1576  00002124  54000000	nop; delay slot nop
 1577  00002128  8fc1fff4	lw	r1,-12(r30)
 1578  0000212c  08000294	j	L72_LF2
 1579  00002130  54000000	nop; delay slot nop
 1580  00002134          	L77_LF2:
 1581  00002134  8fc10000	lw	r1,(r30)
 1582  00002138  90220000	lbu	r2,(r1)
 1583  0000213c  6041002d	seqi	r1,r2,#45
 1584  00002140  10200024	beqz	r1,L78_LF2
 1585  00002144  54000000	nop; delay slot nop
 1586  00002148  2001ffff	addi	r1,r0,#-1
 1587  0000214c  afc1ffec	sw	-20(r30),r1
 1588  00002150  8fc20000	lw	r2,(r30)
 1589  00002154  20410001	addi	r1,r2,#1
 1590  00002158  00011020	add	r2,r0,r1
 1591  0000215c  afc20000	sw	(r30),r2
 1592  00002160  0800000c	j	L79_LF2
 1593  00002164  54000000	nop; delay slot nop
 1594  00002168          	L78_LF2:
 1595  00002168  20010001	addi	r1,r0,#1
 1596  0000216c  afc1ffec	sw	-20(r30),r1
 1597  00002170          	L79_LF2:
 1598  00002170  8fc10008	lw	r1,8(r30)
 1599  00002174  64220000	snei	r2,r1,#0
 1600  00002178  14400090	bnez	r2,L80_LF2
 1601  0000217c  54000000	nop; delay slot nop
 1602  00002180  8fc10000	lw	r1,(r30)
 1603  00002184  90220000	lbu	r2,(r1)
 1604  00002188  60410030	seqi	r1,r2,#48
 1605  0000218c  10200074	beqz	r1,L81_LF2
 1606  00002190  54000000	nop; delay slot nop
 1607  00002194  8fc20000	lw	r2,(r30)
 1608  00002198  20410001	addi	r1,r2,#1
 1609  0000219c  00011020	add	r2,r0,r1
 1610  000021a0  afc20000	sw	(r30),r2
 1611  000021a4  8fc10000	lw	r1,(r30)
 1612  000021a8  90220000	lbu	r2,(r1)
 1613  000021ac  60410078	seqi	r1,r2,#120
 1614  000021b0  14200020	bnez	r1,L83_LF2
 1615  000021b4  54000000	nop; delay slot nop
 1616  000021b8  8fc10000	lw	r1,(r30)
 1617  000021bc  90220000	lbu	r2,(r1)
 1618  000021c0  60410058	seqi	r1,r2,#88
 1619  000021c4  1420000c	bnez	r1,L83_LF2
 1620  000021c8  54000000	nop; delay slot nop
 1621  000021cc  08000024	j	L82_LF2
 1622  000021d0  54000000	nop; delay slot nop
 1623  000021d4          	L83_LF2:
 1624  000021d4  20010010	addi	r1,r0,#16
 1625  000021d8  afc10008	sw	8(r30),r1
 1626  000021dc  8fc20000	lw	r2,(r30)
 1627  000021e0  20410001	addi	r1,r2,#1
 1628  000021e4  00011020	add	r2,r0,r1
 1629  000021e8  afc20000	sw	(r30),r2
 1630  000021ec  0800000c	j	L84_LF2
 1631  000021f0  54000000	nop; delay slot nop
 1632  000021f4          	L82_LF2:
 1633  000021f4  20010008	addi	r1,r0,#8
 1634  000021f8  afc10008	sw	8(r30),r1
 1635  000021fc          	L84_LF2:
 1636  000021fc  0800000c	j	L80_LF2
 1637  00002200  54000000	nop; delay slot nop
 1638  00002204          	L81_LF2:
 1639  00002204  2001000a	addi	r1,r0,#10
 1640  00002208  afc10008	sw	8(r30),r1
 1641  0000220c          	L85_LF2:
 1642  0000220c          	L80_LF2:
 1643  0000220c  8fc10008	lw	r1,8(r30)
 1644  00002210  70220000	slei	r2,r1,#0
 1645  00002214  1440001c	bnez	r2,L87_LF2
 1646  00002218  54000000	nop; delay slot nop
 1647  0000221c  8fc10008	lw	r1,8(r30)
 1648  00002220  6c220010	sgti	r2,r1,#16
 1649  00002224  1440000c	bnez	r2,L87_LF2
 1650  00002228  54000000	nop; delay slot nop
 1651  0000222c  08000010	j	L86_LF2
 1652  00002230  54000000	nop; delay slot nop
 1653  00002234          	L87_LF2:
 1654  00002234  8fc1fff4	lw	r1,-12(r30)
 1655  00002238  08000188	j	L72_LF2
 1656  0000223c  54000000	nop; delay slot nop
 1657  00002240          	L86_LF2:
 1658  00002240  54000000	nop
 1659  00002244          	L88_LF2:
 1660  00002244  8fc10000	lw	r1,(r30)
 1661  00002248  90220000	lbu	r2,(r1)
 1662  0000224c  6c41002f	sgtui	r1,r2,#47
 1663  00002250  10200030	beqz	r1,L91_LF2
 1664  00002254  54000000	nop; delay slot nop
 1665  00002258  8fc10000	lw	r1,(r30)
 1666  0000225c  90220000	lbu	r2,(r1)
 1667  00002260  70410039	sleui	r1,r2,#57
 1668  00002264  1020001c	beqz	r1,L91_LF2
 1669  00002268  54000000	nop; delay slot nop
 1670  0000226c  8fc10000	lw	r1,(r30)
 1671  00002270  90220000	lbu	r2,(r1)
 1672  00002274  2041ffd0	addi	r1,r2,#-48
 1673  00002278  afc1fff0	sw	-16(r30),r1
 1674  0000227c  0800008c	j	L92_LF2
 1675  00002280  54000000	nop; delay slot nop
 1676  00002284          	L91_LF2:
 1677  00002284  8fc10000	lw	r1,(r30)
 1678  00002288  90220000	lbu	r2,(r1)
 1679  0000228c  6c410060	sgtui	r1,r2,#96
 1680  00002290  10200030	beqz	r1,L93_LF2
 1681  00002294  54000000	nop; delay slot nop
 1682  00002298  8fc10000	lw	r1,(r30)
 1683  0000229c  90220000	lbu	r2,(r1)
 1684  000022a0  7041007a	sleui	r1,r2,#122
 1685  000022a4  1020001c	beqz	r1,L93_LF2
 1686  000022a8  54000000	nop; delay slot nop
 1687  000022ac  8fc10000	lw	r1,(r30)
 1688  000022b0  90220000	lbu	r2,(r1)
 1689  000022b4  2041ffa9	addi	r1,r2,#-87
 1690  000022b8  afc1fff0	sw	-16(r30),r1
 1691  000022bc  0800004c	j	L92_LF2
 1692  000022c0  54000000	nop; delay slot nop
 1693  000022c4          	L93_LF2:
 1694  000022c4  8fc10000	lw	r1,(r30)
 1695  000022c8  90220000	lbu	r2,(r1)
 1696  000022cc  6c410040	sgtui	r1,r2,#64
 1697  000022d0  10200030	beqz	r1,L95_LF2
 1698  000022d4  54000000	nop; delay slot nop
 1699  000022d8  8fc10000	lw	r1,(r30)
 1700  000022dc  90220000	lbu	r2,(r1)
 1701  000022e0  7041005a	sleui	r1,r2,#90
 1702  000022e4  1020001c	beqz	r1,L95_LF2
 1703  000022e8  54000000	nop; delay slot nop
 1704  000022ec  8fc10000	lw	r1,(r30)
 1705  000022f0  90220000	lbu	r2,(r1)
 1706  000022f4  2041ffc9	addi	r1,r2,#-55
 1707  000022f8  afc1fff0	sw	-16(r30),r1
 1708  000022fc  0800000c	j	L92_LF2
 1709  00002300  54000000	nop; delay slot nop
 1710  00002304          	L95_LF2:
 1711  00002304  200103e8	addi	r1,r0,#1000
 1712  00002308  afc1fff0	sw	-16(r30),r1
 1713  0000230c          	L96_LF2:
 1714  0000230c          	L94_LF2:
 1715  0000230c          	L92_LF2:
 1716  0000230c  8fc1fff0	lw	r1,-16(r30)
 1717  00002310  8fc20008	lw	r2,8(r30)
 1718  00002314  0022082a	slt	r1,r1,r2
 1719  00002318  10200040	beqz	r1,L90_LF2
 1720  0000231c  54000000	nop; delay slot nop
 1721  00002320  8fc1fff4	lw	r1,-12(r30)
 1722  00002324  8fc20008	lw	r2,8(r30)
 1723  00002328  00200035	movi2fp	f0,r1
 1724  0000232c  00400835	movi2fp	f1,r2
 1725  00002330  0401000e	mult	f0,f0,f1
 1726  00002334  00000834	movfp2i	r1,f0
 1727  00002338  afc1fff4	sw	-12(r30),r1
 1728  0000233c  8fc1fff4	lw	r1,-12(r30)
 1729  00002340  8fc2fff0	lw	r2,-16(r30)
 1730  00002344  00220820	add	r1,r1,r2
 1731  00002348  afc1fff4	sw	-12(r30),r1
 1732  0000234c  8fc20000	lw	r2,(r30)
 1733  00002350  20410001	addi	r1,r2,#1
 1734  00002354  00011020	add	r2,r0,r1
 1735  00002358  afc20000	sw	(r30),r2
 1736  0000235c          	L97_LF2:
 1737  0000235c          	L90_LF2:
 1738  0000235c  8fc1fff0	lw	r1,-16(r30)
 1739  00002360  8fc20008	lw	r2,8(r30)
 1740  00002364  0022082a	slt	r1,r1,r2
 1741  00002368  1420000c	bnez	r1,L98_LF2
 1742  0000236c  54000000	nop; delay slot nop
 1743  00002370  0800000c	j	L89_LF2
 1744  00002374  54000000	nop; delay slot nop
 1745  00002378          	L98_LF2:
 1746  00002378  0bfffec8	j	L88_LF2
 1747  0000237c  54000000	nop; delay slot nop
 1748  00002380          	L89_LF2:
 1749  00002380  8fc10004	lw	r1,4(r30)
 1750  00002384  64220000	snei	r2,r1,#0
 1751  00002388  10400010	beqz	r2,L99_LF2
 1752  0000238c  54000000	nop; delay slot nop
 1753  00002390  8fc10004	lw	r1,4(r30)
 1754  00002394  8fc20000	lw	r2,(r30)
 1755  00002398  ac220000	sw	(r1),r2
 1756  0000239c          	L99_LF2:
 1757  0000239c  8fc1fff4	lw	r1,-12(r30)
 1758  000023a0  8fc2ffec	lw	r2,-20(r30)
 1759  000023a4  00200035	movi2fp	f0,r1
 1760  000023a8  00400835	movi2fp	f1,r2
 1761  000023ac  0401000e	mult	f0,f0,f1
 1762  000023b0  00000834	movfp2i	r1,f0
 1763  000023b4  afc1fff4	sw	-12(r30),r1
 1764  000023b8  8fc1fff4	lw	r1,-12(r30)
 1765  000023bc  08000004	j	L72_LF2
 1766  000023c0  54000000	nop; delay slot nop
 1767  000023c4          	L72_LF2:
 1768  000023c4  8fa20000	lw	r2,0(r29)
 1769  000023c8  8fdffff8	lw	r31,-8(r30)
 1770  000023cc  001ee820	add	r29,r0,r30
 1771  000023d0  8fdefffc	lw	r30,-4(r30)
 1772  000023d4  4be00000	jr	r31
 1773  000023d8  54000000	nop
 1774  000023dc          	.endproc _dstrtol
 1775  000023dc          	.align 2
 1776  000023dc          	.proc _bcopy
 1777  000023dc          	.global _bcopy
 1778  000023dc          	_bcopy:
 1779                      ;  Function 'bcopy'; 0 bytes of locals, 2 regs to save.
 1780  000023dc  afbefffc	sw	-4(r29),r30; push fp
 1781  000023e0  001df020	add	r30,r0,r29; fp = sp
 1782  000023e4  afbffff8	sw	-8(r29),r31; push ret addr
 1783  000023e8  2fbd0010	subui	r29,r29,#16; alloc local storage
 1784  000023ec  afa20000	sw	0(r29),r2
 1785  000023f0  afa30004	sw	4(r29),r3
 1786  000023f4  54000000	nop
 1787  000023f8          	L101_LF2:
 1788  000023f8  8fc10008	lw	r1,8(r30)
 1789  000023fc  2022ffff	addi	r2,r1,#-1
 1790  00002400  afc20008	sw	8(r30),r2
 1791  00002404  6c210000	sgti	r1,r1,#0
 1792  00002408  1420000c	bnez	r1,L103_LF2
 1793  0000240c  54000000	nop; delay slot nop
 1794  00002410  0800002c	j	L102_LF2
 1795  00002414  54000000	nop; delay slot nop
 1796  00002418          	L103_LF2:
 1797  00002418  8fc10004	lw	r1,4(r30)
 1798  0000241c  20220001	addi	r2,r1,#1
 1799  00002420  afc20004	sw	4(r30),r2
 1800  00002424  8fc20000	lw	r2,(r30)
 1801  00002428  20430001	addi	r3,r2,#1
 1802  0000242c  afc30000	sw	(r30),r3
 1803  00002430  80420000	lb	r2,(r2)
 1804  00002434  a0220000	sb	(r1),r2
 1805  00002438  0bffffbc	j	L101_LF2
 1806  0000243c  54000000	nop; delay slot nop
 1807  00002440          	L102_LF2:
 1808  00002440          	L100_LF2:
 1809  00002440  8fa20000	lw	r2,0(r29)
 1810  00002444  8fa30004	lw	r3,4(r29)
 1811  00002448  8fdffff8	lw	r31,-8(r30)
 1812  0000244c  001ee820	add	r29,r0,r30
 1813  00002450  8fdefffc	lw	r30,-4(r30)
 1814  00002454  4be00000	jr	r31
 1815  00002458  54000000	nop
 1816  0000245c          	.endproc _bcopy
 1817  0000245c          	.align 2
 1818  0000245c          	.proc _bzero
 1819  0000245c          	.global _bzero
 1820  0000245c          	_bzero:
 1821                      ;  Function 'bzero'; 0 bytes of locals, 1 regs to save.
 1822  0000245c  afbefffc	sw	-4(r29),r30; push fp
 1823  00002460  001df020	add	r30,r0,r29; fp = sp
 1824  00002464  afbffff8	sw	-8(r29),r31; push ret addr
 1825  00002468  2fbd0010	subui	r29,r29,#16; alloc local storage
 1826  0000246c  afa20000	sw	0(r29),r2
 1827  00002470  54000000	nop
 1828  00002474          	L105_LF2:
 1829  00002474  8fc10004	lw	r1,4(r30)
 1830  00002478  2022ffff	addi	r2,r1,#-1
 1831  0000247c  afc20004	sw	4(r30),r2
 1832  00002480  6c210000	sgti	r1,r1,#0
 1833  00002484  1420000c	bnez	r1,L107_LF2
 1834  00002488  54000000	nop; delay slot nop
 1835  0000248c  08000020	j	L106_LF2
 1836  00002490  54000000	nop; delay slot nop
 1837  00002494          	L107_LF2:
 1838  00002494  8fc10000	lw	r1,(r30)
 1839  00002498  20220001	addi	r2,r1,#1
 1840  0000249c  afc20000	sw	(r30),r2
 1841  000024a0  20020000	addi	r2,r0,(#0x0)&0xff
 1842  000024a4  a0220000	sb	(r1),r2
 1843  000024a8  0bffffc8	j	L105_LF2
 1844  000024ac  54000000	nop; delay slot nop
 1845  000024b0          	L106_LF2:
 1846  000024b0          	L104_LF2:
 1847  000024b0  8fa20000	lw	r2,0(r29)
 1848  000024b4  8fdffff8	lw	r31,-8(r30)
 1849  000024b8  001ee820	add	r29,r0,r30
 1850  000024bc  8fdefffc	lw	r30,-4(r30)
 1851  000024c0  4be00000	jr	r31
 1852  000024c4  54000000	nop
 1853  000024c8          	.endproc _bzero
 1854  000024c8          	.align 2
 1855  000024c8          	.proc _min
 1856  000024c8          	.global _min
 1857  000024c8          	_min:
 1858                      ;  Function 'min'; 0 bytes of locals, 2 regs to save.
 1859  000024c8  afbefffc	sw	-4(r29),r30; push fp
 1860  000024cc  001df020	add	r30,r0,r29; fp = sp
 1861  000024d0  afbffff8	sw	-8(r29),r31; push ret addr
 1862  000024d4  2fbd0010	subui	r29,r29,#16; alloc local storage
 1863  000024d8  afa20000	sw	0(r29),r2
 1864  000024dc  afa30004	sw	4(r29),r3
 1865  000024e0  8fc10000	lw	r1,(r30)
 1866  000024e4  8fc20004	lw	r2,4(r30)
 1867  000024e8  0022182c	sle	r3,r1,r2
 1868  000024ec  14600008	bnez	r3,L109_LF2
 1869  000024f0  54000000	nop; delay slot nop
 1870  000024f4  8fc10004	lw	r1,4(r30)
 1871  000024f8          	L109_LF2:
 1872  000024f8  08000004	j	L108_LF2
 1873  000024fc  54000000	nop; delay slot nop
 1874  00002500          	L108_LF2:
 1875  00002500  8fa20000	lw	r2,0(r29)
 1876  00002504  8fa30004	lw	r3,4(r29)
 1877  00002508  8fdffff8	lw	r31,-8(r30)
 1878  0000250c  001ee820	add	r29,r0,r30
 1879  00002510  8fdefffc	lw	r30,-4(r30)
 1880  00002514  4be00000	jr	r31
 1881  00002518  54000000	nop
 1882  0000251c          	.endproc _min
 1883  0000251c          	.align 2
 1884  0000251c          	.proc _max
 1885  0000251c          	.global _max
 1886  0000251c          	_max:
 1887                      ;  Function 'max'; 0 bytes of locals, 2 regs to save.
 1888  0000251c  afbefffc	sw	-4(r29),r30; push fp
 1889  00002520  001df020	add	r30,r0,r29; fp = sp
 1890  00002524  afbffff8	sw	-8(r29),r31; push ret addr
 1891  00002528  2fbd0010	subui	r29,r29,#16; alloc local storage
 1892  0000252c  afa20000	sw	0(r29),r2
 1893  00002530  afa30004	sw	4(r29),r3
 1894  00002534  8fc10000	lw	r1,(r30)
 1895  00002538  8fc20004	lw	r2,4(r30)
 1896  0000253c  0022182d	sge	r3,r1,r2
 1897  00002540  14600008	bnez	r3,L111_LF2
 1898  00002544  54000000	nop; delay slot nop
 1899  00002548  8fc10004	lw	r1,4(r30)
 1900  0000254c          	L111_LF2:
 1901  0000254c  08000004	j	L110_LF2
 1902  00002550  54000000	nop; delay slot nop
 1903  00002554          	L110_LF2:
 1904  00002554  8fa20000	lw	r2,0(r29)
 1905  00002558  8fa30004	lw	r3,4(r29)
 1906  0000255c  8fdffff8	lw	r31,-8(r30)
 1907  00002560  001ee820	add	r29,r0,r30
 1908  00002564  8fdefffc	lw	r30,-4(r30)
 1909  00002568  4be00000	jr	r31
 1910  0000256c  54000000	nop
 1911  00002570          	.endproc _max
 1912                      ;;; Ethan L. Miller, 1999.  Released to the public domain
 1913                      ;;;
 1914                      ;;; Most of the traps are called in files from libtraps.
 1917  00002570          	.align 2
 1918  00002570          	.proc _exit
 1919  00002570          	.global _exit
 1920  00002570          	_exit:
 1921  00002570  44000300	trap	#0x300
 1922  00002574  4be00000	jr	r31
 1923  00002578  54000000	nop
 1924  0000257c          	.endproc _exit
 1926                      ; for the benefit of gcc.
 1927  0000257c          	.proc ___main
 1928  0000257c          	.global ___main
 1929  0000257c          	___main:
 1930  0000257c  4be00000	jr	r31
 1931  00002580  54000000	nop
 1932  00002584          	.endproc ___main
 1933  00002584          	.text
 1934  00002584          	.global _etext
 1935  00002584          	_etext:
 1936  00002584          	.align 3
 1937  00002588          	.data
 1938  00008160          	.global _edata
 1939  00008160          	_edata:
